// ***** BenchmarkRunner: Start   *****
// Found benchmarks:
//   DefaultCheckWithParameter.MustNotBeDefaultValueV1: Clr(Runtime=Clr)
//   DefaultCheckWithParameter.MustNotBeDefaultValueV2: Clr(Runtime=Clr)
//   DefaultCheckWithParameter.MustNotBeDefaultReferenceV1: Clr(Runtime=Clr)
//   DefaultCheckWithParameter.MustNotBeDefaultReferenceV2: Clr(Runtime=Clr)
//   DefaultCheckWithParameter.MustNotBeDefaultValueV1: Core(Runtime=Core)
//   DefaultCheckWithParameter.MustNotBeDefaultValueV2: Core(Runtime=Core)
//   DefaultCheckWithParameter.MustNotBeDefaultReferenceV1: Core(Runtime=Core)
//   DefaultCheckWithParameter.MustNotBeDefaultReferenceV2: Core(Runtime=Core)

// Validating benchmarks:
// ***** Building 8 benchmark(s) in Parallel: Start   *****
// ***** Done, took 00:00:14 (14.21 sec)   *****
// **************************
// Benchmark: DefaultCheckWithParameter.MustNotBeDefaultValueV1: Clr(Runtime=Clr)
// *** Execute ***
// Launch: 1 / 1
// Execute: D:\Programming\Light.GuardClauses\Code\Light.GuardClauses.Performance\bin\Release\netcoreapp2.0\0113d1e7-e182-4763-bcf0-a57828b5d71f\bin\Release\net47\0113d1e7-e182-4763-bcf0-a57828b5d71f.exe diagnoserAttached
// BeforeAnythingElse

// Benchmark Process Environment Information:
// Runtime=.NET Framework 4.7 (CLR 4.0.30319.42000), 64bit RyuJIT-v4.7.2600.0
// GC=Concurrent Workstation
// Job: Clr(Runtime=Clr)

Pilot  1: 16 op, 176187.15 ns, 11.0117 us/op
Pilot  2: 32 op, 4517.62 ns, 141.1756 ns/op
Pilot  3: 64 op, 2409.40 ns, 37.6468 ns/op
Pilot  4: 128 op, 2710.57 ns, 21.1763 ns/op
Pilot  5: 256 op, 5421.14 ns, 21.1763 ns/op
Pilot  6: 512 op, 8131.71 ns, 15.8823 ns/op
Pilot  7: 1024 op, 15962.25 ns, 15.5881 ns/op
Pilot  8: 2048 op, 29816.29 ns, 14.5587 ns/op
Pilot  9: 4096 op, 53006.73 ns, 12.9411 ns/op
Pilot 10: 8192 op, 210219.88 ns, 25.6616 ns/op
Pilot 11: 16384 op, 353880.17 ns, 21.5991 ns/op
Pilot 12: 32768 op, 771910.53 ns, 23.5568 ns/op
Pilot 13: 65536 op, 1559180.96 ns, 23.7912 ns/op
Pilot 14: 131072 op, 2188937.07 ns, 16.7003 ns/op
Pilot 15: 262144 op, 3891175.98 ns, 14.8437 ns/op
Pilot 16: 524288 op, 7059231.71 ns, 13.4644 ns/op
Pilot 17: 1048576 op, 14186227.71 ns, 13.5290 ns/op
Pilot 18: 2097152 op, 28229096.30 ns, 13.4607 ns/op
Pilot 19: 4194304 op, 54982738.18 ns, 13.1089 ns/op
Pilot 20: 8388608 op, 112297471.37 ns, 13.3869 ns/op
Pilot 21: 16777216 op, 217831464.49 ns, 12.9838 ns/op
Pilot 22: 33554432 op, 431866623.02 ns, 12.8706 ns/op
Pilot 23: 67108864 op, 879263314.85 ns, 13.1020 ns/op

IdleWarmup  1: 67108864 op, 303261449.98 ns, 4.5189 ns/op
IdleWarmup  2: 67108864 op, 303934876.41 ns, 4.5290 ns/op
IdleWarmup  3: 67108864 op, 302820831.53 ns, 4.5124 ns/op
IdleWarmup  4: 67108864 op, 307501687.33 ns, 4.5821 ns/op
IdleWarmup  5: 67108864 op, 306128331.10 ns, 4.5617 ns/op
IdleWarmup  6: 67108864 op, 307037878.43 ns, 4.5752 ns/op

IdleTarget  1: 67108864 op, 307336643.64 ns, 4.5797 ns/op
IdleTarget  2: 67108864 op, 302714516.89 ns, 4.5108 ns/op
IdleTarget  3: 67108864 op, 310067393.84 ns, 4.6204 ns/op
IdleTarget  4: 67108864 op, 305594047.34 ns, 4.5537 ns/op
IdleTarget  5: 67108864 op, 305601275.53 ns, 4.5538 ns/op
IdleTarget  6: 67108864 op, 306882472.33 ns, 4.5729 ns/op
IdleTarget  7: 67108864 op, 302987381.08 ns, 4.5149 ns/op
IdleTarget  8: 67108864 op, 306745136.71 ns, 4.5709 ns/op
IdleTarget  9: 67108864 op, 305714818.36 ns, 4.5555 ns/op
IdleTarget 10: 67108864 op, 306181639.01 ns, 4.5625 ns/op
IdleTarget 11: 67108864 op, 306378607.21 ns, 4.5654 ns/op
IdleTarget 12: 67108864 op, 306537025.05 ns, 4.5678 ns/op
IdleTarget 13: 67108864 op, 307683897.97 ns, 4.5848 ns/op
IdleTarget 14: 67108864 op, 303602379.64 ns, 4.5240 ns/op
IdleTarget 15: 67108864 op, 307339354.22 ns, 4.5797 ns/op

MainWarmup  1: 67108864 op, 873369930.06 ns, 13.0142 ns/op
MainWarmup  2: 67108864 op, 877431872.04 ns, 13.0748 ns/op
MainWarmup  3: 67108864 op, 881135416.24 ns, 13.1299 ns/op
MainWarmup  4: 67108864 op, 877570111.19 ns, 13.0768 ns/op
MainWarmup  5: 67108864 op, 876272650.97 ns, 13.0575 ns/op
MainWarmup  6: 67108864 op, 862888150.07 ns, 12.8580 ns/op
MainWarmup  7: 67108864 op, 875234502.08 ns, 13.0420 ns/op
MainWarmup  8: 67108864 op, 861532563.15 ns, 12.8378 ns/op

// BeforeMainRun
MainTarget  1: 67108864 op, 874303872.53 ns, 13.0281 ns/op
MainTarget  2: 67108864 op, 877141840.89 ns, 13.0704 ns/op
MainTarget  3: 67108864 op, 860286001.43 ns, 12.8193 ns/op
MainTarget  4: 67108864 op, 860900397.64 ns, 12.8284 ns/op
MainTarget  5: 67108864 op, 877635164.91 ns, 13.0778 ns/op
MainTarget  6: 67108864 op, 867955111.73 ns, 12.9335 ns/op
MainTarget  7: 67108864 op, 867271144.19 ns, 12.9233 ns/op
MainTarget  8: 67108864 op, 861294635.21 ns, 12.8343 ns/op
MainTarget  9: 67108864 op, 863226369.16 ns, 12.8631 ns/op
MainTarget 10: 67108864 op, 868361998.63 ns, 12.9396 ns/op
MainTarget 11: 67108864 op, 868695097.75 ns, 12.9446 ns/op
MainTarget 12: 67108864 op, 874348747.55 ns, 13.0288 ns/op
MainTarget 13: 67108864 op, 872254379.30 ns, 12.9976 ns/op
MainTarget 14: 67108864 op, 1288786998.17 ns, 19.2044 ns/op
MainTarget 15: 67108864 op, 860416108.87 ns, 12.8212 ns/op

// AfterMainRun
Result  1: 67108864 op, 568212766.61 ns, 8.4670 ns/op
Result  2: 67108864 op, 571050734.97 ns, 8.5093 ns/op
Result  3: 67108864 op, 554194895.51 ns, 8.2581 ns/op
Result  4: 67108864 op, 554809291.72 ns, 8.2673 ns/op
Result  5: 67108864 op, 571544058.98 ns, 8.5167 ns/op
Result  6: 67108864 op, 561864005.81 ns, 8.3724 ns/op
Result  7: 67108864 op, 561180038.27 ns, 8.3622 ns/op
Result  8: 67108864 op, 555203529.28 ns, 8.2732 ns/op
Result  9: 67108864 op, 557135263.24 ns, 8.3020 ns/op
Result 10: 67108864 op, 562270892.71 ns, 8.3785 ns/op
Result 11: 67108864 op, 562603991.83 ns, 8.3835 ns/op
Result 12: 67108864 op, 568257641.63 ns, 8.4677 ns/op
Result 13: 67108864 op, 566163273.38 ns, 8.4365 ns/op
Result 14: 67108864 op, 554325002.94 ns, 8.2601 ns/op
GC:  767 0 0 3221262288 67108864

// AfterAll

Mean = 8.3753 ns, StdErr = 0.0250 ns (0.30%); N = 14, StdDev = 0.0934 ns
Min = 8.2581 ns, Q1 = 8.2732 ns, Median = 8.3755 ns, Q3 = 8.4670 ns, Max = 8.5167 ns
IQR = 0.1939 ns, LowerFence = 7.9824 ns, UpperFence = 8.7578 ns
ConfidenceInterval = [8.2700 ns; 8.4807 ns] (CI 99.9%), Margin = 0.1053 ns (1.26% of Mean)
Skewness = 0.1, Kurtosis = 1.43


// **************************
// Benchmark: DefaultCheckWithParameter.MustNotBeDefaultValueV2: Clr(Runtime=Clr)
// *** Execute ***
// Launch: 1 / 1
// Execute: D:\Programming\Light.GuardClauses\Code\Light.GuardClauses.Performance\bin\Release\netcoreapp2.0\970ca41b-6306-40e8-890b-92f3623fd1ff\bin\Release\net47\970ca41b-6306-40e8-890b-92f3623fd1ff.exe diagnoserAttached
// BeforeAnythingElse

// Benchmark Process Environment Information:
// Runtime=.NET Framework 4.7 (CLR 4.0.30319.42000), 64bit RyuJIT-v4.7.2600.0
// GC=Concurrent Workstation
// Job: Clr(Runtime=Clr)

Pilot  1: 16 op, 219857.47 ns, 13.7411 us/op
Pilot  2: 32 op, 3011.75 ns, 94.1171 ns/op
Pilot  3: 64 op, 2409.40 ns, 37.6468 ns/op
Pilot  4: 128 op, 2710.57 ns, 21.1763 ns/op
Pilot  5: 256 op, 4818.79 ns, 18.8234 ns/op
Pilot  6: 512 op, 8734.06 ns, 17.0587 ns/op
Pilot  7: 1024 op, 16865.78 ns, 16.4705 ns/op
Pilot  8: 2048 op, 31322.16 ns, 15.2940 ns/op
Pilot  9: 4096 op, 56319.65 ns, 13.7499 ns/op
Pilot 10: 8192 op, 206605.78 ns, 25.2204 ns/op
Pilot 11: 16384 op, 361710.71 ns, 22.0771 ns/op
Pilot 12: 32768 op, 765284.69 ns, 23.3546 ns/op
Pilot 13: 65536 op, 1485092.01 ns, 22.6607 ns/op
Pilot 14: 131072 op, 2257002.54 ns, 17.2196 ns/op
Pilot 15: 262144 op, 3680353.75 ns, 14.0394 ns/op
Pilot 16: 524288 op, 7766992.05 ns, 14.8144 ns/op
Pilot 17: 1048576 op, 15040961.25 ns, 14.3442 ns/op
Pilot 18: 2097152 op, 30047889.77 ns, 14.3280 ns/op
Pilot 19: 4194304 op, 58167659.69 ns, 13.8683 ns/op
Pilot 20: 8388608 op, 117546643.66 ns, 14.0127 ns/op
Pilot 21: 16777216 op, 232103526.97 ns, 13.8344 ns/op
Pilot 22: 33554432 op, 462991212.03 ns, 13.7982 ns/op
Pilot 23: 67108864 op, 922023483.79 ns, 13.7392 ns/op

IdleWarmup  1: 67108864 op, 302121504.08 ns, 4.5020 ns/op
IdleWarmup  2: 67108864 op, 302042295.16 ns, 4.5008 ns/op
IdleWarmup  3: 67108864 op, 300706886.93 ns, 4.4809 ns/op
IdleWarmup  4: 67108864 op, 301398685.01 ns, 4.4912 ns/op
IdleWarmup  5: 67108864 op, 300758688.96 ns, 4.4817 ns/op
IdleWarmup  6: 67108864 op, 301241471.86 ns, 4.4888 ns/op
IdleWarmup  7: 67108864 op, 300756279.57 ns, 4.4816 ns/op

IdleTarget  1: 67108864 op, 300560817.24 ns, 4.4787 ns/op
IdleTarget  2: 67108864 op, 303101526.26 ns, 4.5166 ns/op
IdleTarget  3: 67108864 op, 300622859.21 ns, 4.4796 ns/op
IdleTarget  4: 67108864 op, 300326804.57 ns, 4.4752 ns/op
IdleTarget  5: 67108864 op, 302426593.96 ns, 4.5065 ns/op
IdleTarget  6: 67108864 op, 301218883.77 ns, 4.4885 ns/op
IdleTarget  7: 67108864 op, 314362444.97 ns, 4.6844 ns/op
IdleTarget  8: 67108864 op, 309618643.67 ns, 4.6137 ns/op
IdleTarget  9: 67108864 op, 306800854.01 ns, 4.5717 ns/op
IdleTarget 10: 67108864 op, 307288455.71 ns, 4.5790 ns/op
IdleTarget 11: 67108864 op, 318988487.00 ns, 4.7533 ns/op
IdleTarget 12: 67108864 op, 305870826.81 ns, 4.5578 ns/op
IdleTarget 13: 67108864 op, 301620951.87 ns, 4.4945 ns/op
IdleTarget 14: 67108864 op, 301192079.23 ns, 4.4881 ns/op
IdleTarget 15: 67108864 op, 300137365.74 ns, 4.4724 ns/op

MainWarmup  1: 67108864 op, 919044866.89 ns, 13.6948 ns/op
MainWarmup  2: 67108864 op, 923685365.29 ns, 13.7640 ns/op
MainWarmup  3: 67108864 op, 922178588.71 ns, 13.7415 ns/op
MainWarmup  4: 67108864 op, 925821897.98 ns, 13.7958 ns/op
MainWarmup  5: 67108864 op, 924997281.90 ns, 13.7835 ns/op
MainWarmup  6: 67108864 op, 924613585.44 ns, 13.7778 ns/op

// BeforeMainRun
MainTarget  1: 67108864 op, 917191438.33 ns, 13.6672 ns/op
MainTarget  2: 67108864 op, 918998787.17 ns, 13.6941 ns/op
MainTarget  3: 67108864 op, 939684965.33 ns, 14.0024 ns/op
MainTarget  4: 67108864 op, 930644908.21 ns, 13.8677 ns/op
MainTarget  5: 67108864 op, 916777925.59 ns, 13.6611 ns/op
MainTarget  6: 67108864 op, 915412701.08 ns, 13.6407 ns/op
MainTarget  7: 67108864 op, 916138531.89 ns, 13.6515 ns/op
MainTarget  8: 67108864 op, 911557364.88 ns, 13.5833 ns/op
MainTarget  9: 67108864 op, 916098776.84 ns, 13.6509 ns/op
MainTarget 10: 67108864 op, 912422940.71 ns, 13.5962 ns/op
MainTarget 11: 67108864 op, 930453963.50 ns, 13.8648 ns/op
MainTarget 12: 67108864 op, 914912751.22 ns, 13.6333 ns/op
MainTarget 13: 67108864 op, 920652838.13 ns, 13.7188 ns/op
MainTarget 14: 67108864 op, 919046071.58 ns, 13.6949 ns/op
MainTarget 15: 67108864 op, 917457074.34 ns, 13.6712 ns/op

// AfterMainRun
Result  1: 67108864 op, 612248932.06 ns, 9.1232 ns/op
Result  2: 67108864 op, 614056280.90 ns, 9.1502 ns/op
Result  3: 67108864 op, 611835419.32 ns, 9.1171 ns/op
Result  4: 67108864 op, 610470194.81 ns, 9.0967 ns/op
Result  5: 67108864 op, 611196025.62 ns, 9.1075 ns/op
Result  6: 67108864 op, 606614858.61 ns, 9.0393 ns/op
Result  7: 67108864 op, 611156270.57 ns, 9.1069 ns/op
Result  8: 67108864 op, 607480434.44 ns, 9.0522 ns/op
Result  9: 67108864 op, 609970244.95 ns, 9.0893 ns/op
Result 10: 67108864 op, 615710331.87 ns, 9.1748 ns/op
Result 11: 67108864 op, 614103565.32 ns, 9.1509 ns/op
Result 12: 67108864 op, 612514568.07 ns, 9.1272 ns/op
GC:  767 0 0 3221262288 67108864

// AfterAll

Mean = 9.1113 ns, StdErr = 0.0113 ns (0.12%); N = 12, StdDev = 0.0393 ns
Min = 9.0393 ns, Q1 = 9.0930 ns, Median = 9.1123 ns, Q3 = 9.1387 ns, Max = 9.1748 ns
IQR = 0.0457 ns, LowerFence = 9.0245 ns, UpperFence = 9.2072 ns
ConfidenceInterval = [9.0610 ns; 9.1615 ns] (CI 99.9%), Margin = 0.0503 ns (0.55% of Mean)
Skewness = -0.29, Kurtosis = 2.12


// **************************
// Benchmark: DefaultCheckWithParameter.MustNotBeDefaultReferenceV1: Clr(Runtime=Clr)
// *** Execute ***
// Launch: 1 / 1
// Execute: D:\Programming\Light.GuardClauses\Code\Light.GuardClauses.Performance\bin\Release\netcoreapp2.0\9a097466-5dac-48e6-aac3-ce8e1e4ba30b\bin\Release\net47\9a097466-5dac-48e6-aac3-ce8e1e4ba30b.exe diagnoserAttached
// BeforeAnythingElse

// Benchmark Process Environment Information:
// Runtime=.NET Framework 4.7 (CLR 4.0.30319.42000), 64bit RyuJIT-v4.7.2600.0
// GC=Concurrent Workstation
// Job: Clr(Runtime=Clr)

Pilot  1: 16 op, 183114.16 ns, 11.4446 us/op
Pilot  2: 32 op, 1807.05 ns, 56.4702 ns/op
Pilot  3: 64 op, 903.52 ns, 14.1176 ns/op
Pilot  4: 128 op, 1204.70 ns, 9.4117 ns/op
Pilot  5: 256 op, 1505.87 ns, 5.8823 ns/op
Pilot  6: 512 op, 3011.75 ns, 5.8823 ns/op
Pilot  7: 1024 op, 5421.14 ns, 5.2941 ns/op
Pilot  8: 2048 op, 10541.11 ns, 5.1470 ns/op
Pilot  9: 4096 op, 20479.87 ns, 5.0000 ns/op
Pilot 10: 8192 op, 40357.40 ns, 4.9264 ns/op
Pilot 11: 16384 op, 82220.67 ns, 5.0184 ns/op
Pilot 12: 32768 op, 163537.81 ns, 4.9908 ns/op
Pilot 13: 65536 op, 321052.14 ns, 4.8989 ns/op
Pilot 14: 131072 op, 639092.52 ns, 4.8759 ns/op
Pilot 15: 262144 op, 1316434.23 ns, 5.0218 ns/op
Pilot 16: 524288 op, 2679550.51 ns, 5.1108 ns/op
Pilot 17: 1048576 op, 5178095.09 ns, 4.9382 ns/op
Pilot 18: 2097152 op, 10114045.79 ns, 4.8228 ns/op
Pilot 19: 4194304 op, 20185324.79 ns, 4.8126 ns/op
Pilot 20: 8388608 op, 40549848.46 ns, 4.8339 ns/op
Pilot 21: 16777216 op, 79988663.79 ns, 4.7677 ns/op
Pilot 22: 33554432 op, 159993289.83 ns, 4.7682 ns/op
Pilot 23: 67108864 op, 321300303.31 ns, 4.7877 ns/op
Pilot 24: 134217728 op, 638777797.29 ns, 4.7593 ns/op

IdleWarmup  1: 134217728 op, 604896858.24 ns, 4.5068 ns/op
IdleWarmup  2: 134217728 op, 625623393.80 ns, 4.6613 ns/op
IdleWarmup  3: 134217728 op, 622650198.04 ns, 4.6391 ns/op
IdleWarmup  4: 134217728 op, 609956591.70 ns, 4.5445 ns/op
IdleWarmup  5: 134217728 op, 608503123.03 ns, 4.5337 ns/op
IdleWarmup  6: 134217728 op, 607309266.87 ns, 4.5248 ns/op
IdleWarmup  7: 134217728 op, 607490573.99 ns, 4.5262 ns/op
IdleWarmup  8: 134217728 op, 609171128.32 ns, 4.5387 ns/op
IdleWarmup  9: 134217728 op, 605691055.69 ns, 4.5128 ns/op

IdleTarget  1: 134217728 op, 607162594.84 ns, 4.5237 ns/op
IdleTarget  2: 134217728 op, 606996647.63 ns, 4.5225 ns/op
IdleTarget  3: 134217728 op, 612300934.88 ns, 4.5620 ns/op
IdleTarget  4: 134217728 op, 612466580.91 ns, 4.5632 ns/op
IdleTarget  5: 134217728 op, 609663247.63 ns, 4.5423 ns/op
IdleTarget  6: 134217728 op, 611463067.11 ns, 4.5558 ns/op
IdleTarget  7: 134217728 op, 607666761.14 ns, 4.5275 ns/op
IdleTarget  8: 134217728 op, 603116012.76 ns, 4.4936 ns/op
IdleTarget  9: 134217728 op, 604836020.97 ns, 4.5064 ns/op
IdleTarget 10: 134217728 op, 606106074.30 ns, 4.5158 ns/op
IdleTarget 11: 134217728 op, 604547194.51 ns, 4.5042 ns/op
IdleTarget 12: 134217728 op, 606228652.37 ns, 4.5168 ns/op
IdleTarget 13: 134217728 op, 610352335.14 ns, 4.5475 ns/op
IdleTarget 14: 134217728 op, 604924265.13 ns, 4.5070 ns/op
IdleTarget 15: 134217728 op, 600557534.44 ns, 4.4745 ns/op

MainWarmup  1: 134217728 op, 639774986.42 ns, 4.7667 ns/op
MainWarmup  2: 134217728 op, 644083590.41 ns, 4.7988 ns/op
MainWarmup  3: 134217728 op, 660401230.84 ns, 4.9204 ns/op
MainWarmup  4: 134217728 op, 640800184.80 ns, 4.7743 ns/op
MainWarmup  5: 134217728 op, 638868149.67 ns, 4.7599 ns/op
MainWarmup  6: 134217728 op, 639119329.30 ns, 4.7618 ns/op
MainWarmup  7: 134217728 op, 640214099.01 ns, 4.7700 ns/op
MainWarmup  8: 134217728 op, 640392093.20 ns, 4.7713 ns/op
MainWarmup  9: 134217728 op, 638619680.62 ns, 4.7581 ns/op

// BeforeMainRun
MainTarget  1: 134217728 op, 636850882.13 ns, 4.7449 ns/op
MainTarget  2: 134217728 op, 640712241.81 ns, 4.7737 ns/op
MainTarget  3: 134217728 op, 638874775.51 ns, 4.7600 ns/op
MainTarget  4: 134217728 op, 638940732.75 ns, 4.7605 ns/op
MainTarget  5: 134217728 op, 640854998.58 ns, 4.7747 ns/op
MainTarget  6: 134217728 op, 638227250.10 ns, 4.7552 ns/op
MainTarget  7: 134217728 op, 642146435.31 ns, 4.7844 ns/op
MainTarget  8: 134217728 op, 638888930.72 ns, 4.7601 ns/op
MainTarget  9: 134217728 op, 639470197.72 ns, 4.7644 ns/op
MainTarget 10: 134217728 op, 638261282.83 ns, 4.7554 ns/op
MainTarget 11: 134217728 op, 638420905.37 ns, 4.7566 ns/op
MainTarget 12: 134217728 op, 649382155.34 ns, 4.8383 ns/op
MainTarget 13: 134217728 op, 639631627.31 ns, 4.7656 ns/op
MainTarget 14: 134217728 op, 638995245.36 ns, 4.7609 ns/op
MainTarget 15: 134217728 op, 636041324.77 ns, 4.7389 ns/op

// AfterMainRun
Result  1: 134217728 op, 29625020.54 ns, 0.2207 ns/op
Result  2: 134217728 op, 33486380.23 ns, 0.2495 ns/op
Result  3: 134217728 op, 31648913.93 ns, 0.2358 ns/op
Result  4: 134217728 op, 31714871.17 ns, 0.2363 ns/op
Result  5: 134217728 op, 33629137.00 ns, 0.2506 ns/op
Result  6: 134217728 op, 31001388.52 ns, 0.2310 ns/op
Result  7: 134217728 op, 34920573.73 ns, 0.2602 ns/op
Result  8: 134217728 op, 31663069.14 ns, 0.2359 ns/op
Result  9: 134217728 op, 32244336.14 ns, 0.2402 ns/op
Result 10: 134217728 op, 31035421.25 ns, 0.2312 ns/op
Result 11: 134217728 op, 31195043.79 ns, 0.2324 ns/op
Result 12: 134217728 op, 32405765.73 ns, 0.2414 ns/op
Result 13: 134217728 op, 31769383.77 ns, 0.2367 ns/op
Result 14: 134217728 op, 28815463.19 ns, 0.2147 ns/op
GC:  0 0 0 0 134217728

// AfterAll

Mean = 0.2369 ns, StdErr = 0.0031 ns (1.31%); N = 14, StdDev = 0.0116 ns
Min = 0.2147 ns, Q1 = 0.2312 ns, Median = 0.2361 ns, Q3 = 0.2414 ns, Max = 0.2602 ns
IQR = 0.0102 ns, LowerFence = 0.2159 ns, UpperFence = 0.2568 ns
ConfidenceInterval = [0.2238 ns; 0.2500 ns] (CI 99.9%), Margin = 0.0131 ns (5.55% of Mean)
Skewness = 0.07, Kurtosis = 2.59


// **************************
// Benchmark: DefaultCheckWithParameter.MustNotBeDefaultReferenceV2: Clr(Runtime=Clr)
// *** Execute ***
// Launch: 1 / 1
// Execute: D:\Programming\Light.GuardClauses\Code\Light.GuardClauses.Performance\bin\Release\netcoreapp2.0\f74cbb0d-fe09-41ee-ad8c-097a62fd3939\bin\Release\net47\f74cbb0d-fe09-41ee-ad8c-097a62fd3939.exe diagnoserAttached
// BeforeAnythingElse

// Benchmark Process Environment Information:
// Runtime=.NET Framework 4.7 (CLR 4.0.30319.42000), 64bit RyuJIT-v4.7.2600.0
// GC=Concurrent Workstation
// Job: Clr(Runtime=Clr)

Pilot  1: 16 op, 193956.45 ns, 12.1223 us/op
Pilot  2: 32 op, 3011.75 ns, 94.1171 ns/op
Pilot  3: 64 op, 1204.70 ns, 18.8234 ns/op
Pilot  4: 128 op, 1807.05 ns, 14.1176 ns/op
Pilot  5: 256 op, 2710.57 ns, 10.5882 ns/op
Pilot  6: 512 op, 4818.79 ns, 9.4117 ns/op
Pilot  7: 1024 op, 12046.98 ns, 11.7646 ns/op
Pilot  8: 2048 op, 22286.92 ns, 10.8823 ns/op
Pilot  9: 4096 op, 35839.78 ns, 8.7499 ns/op
Pilot 10: 8192 op, 70776.03 ns, 8.6397 ns/op
Pilot 11: 16384 op, 141250.89 ns, 8.6213 ns/op
Pilot 12: 32768 op, 281598.26 ns, 8.5937 ns/op
Pilot 13: 65536 op, 596325.73 ns, 9.0992 ns/op
Pilot 14: 131072 op, 1206204.32 ns, 9.2026 ns/op
Pilot 15: 262144 op, 2288927.04 ns, 8.7316 ns/op
Pilot 16: 524288 op, 4635679.61 ns, 8.8419 ns/op
Pilot 17: 1048576 op, 9024998.40 ns, 8.6069 ns/op
Pilot 18: 2097152 op, 18131313.94 ns, 8.6457 ns/op
Pilot 19: 4194304 op, 36086139.55 ns, 8.6036 ns/op
Pilot 20: 8388608 op, 71168464.13 ns, 8.4839 ns/op
Pilot 21: 16777216 op, 141465630.10 ns, 8.4320 ns/op
Pilot 22: 33554432 op, 285411433.13 ns, 8.5059 ns/op
Pilot 23: 67108864 op, 565877579.15 ns, 8.4322 ns/op

IdleWarmup  1: 67108864 op, 302683495.90 ns, 4.5103 ns/op
IdleWarmup  2: 67108864 op, 302842516.10 ns, 4.5127 ns/op
IdleWarmup  3: 67108864 op, 301993203.69 ns, 4.5000 ns/op
IdleWarmup  4: 67108864 op, 302134755.76 ns, 4.5022 ns/op
IdleWarmup  5: 67108864 op, 303521062.50 ns, 4.5228 ns/op
IdleWarmup  6: 67108864 op, 302533209.77 ns, 4.5081 ns/op

IdleTarget  1: 67108864 op, 302971720.01 ns, 4.5146 ns/op
IdleTarget  2: 67108864 op, 302750356.67 ns, 4.5113 ns/op
IdleTarget  3: 67108864 op, 302877753.53 ns, 4.5132 ns/op
IdleTarget  4: 67108864 op, 301925439.41 ns, 4.4990 ns/op
IdleTarget  5: 67108864 op, 302635910.31 ns, 4.5096 ns/op
IdleTarget  6: 67108864 op, 302366660.21 ns, 4.5056 ns/op
IdleTarget  7: 67108864 op, 301442957.68 ns, 4.4919 ns/op
IdleTarget  8: 67108864 op, 303540638.85 ns, 4.5231 ns/op
IdleTarget  9: 67108864 op, 303989690.19 ns, 4.5298 ns/op
IdleTarget 10: 67108864 op, 302771740.06 ns, 4.5117 ns/op
IdleTarget 11: 67108864 op, 302573868.34 ns, 4.5087 ns/op
IdleTarget 12: 67108864 op, 304389951.25 ns, 4.5358 ns/op
IdleTarget 13: 67108864 op, 302231131.64 ns, 4.5036 ns/op
IdleTarget 14: 67108864 op, 300784891.15 ns, 4.4820 ns/op
IdleTarget 15: 67108864 op, 301752565.18 ns, 4.4965 ns/op

MainWarmup  1: 67108864 op, 564743355.56 ns, 8.4153 ns/op
MainWarmup  2: 67108864 op, 566302235.35 ns, 8.4386 ns/op
MainWarmup  3: 67108864 op, 563932593.51 ns, 8.4033 ns/op
MainWarmup  4: 67108864 op, 564727393.31 ns, 8.4151 ns/op
MainWarmup  5: 67108864 op, 564038606.97 ns, 8.4048 ns/op
MainWarmup  6: 67108864 op, 563600397.91 ns, 8.3983 ns/op

// BeforeMainRun
MainTarget  1: 67108864 op, 563243807.17 ns, 8.3930 ns/op
MainTarget  2: 67108864 op, 564659930.19 ns, 8.4141 ns/op
MainTarget  3: 67108864 op, 564526811.02 ns, 8.4121 ns/op
MainTarget  4: 67108864 op, 563164598.25 ns, 8.3918 ns/op
MainTarget  5: 67108864 op, 565130364.94 ns, 8.4211 ns/op
MainTarget  6: 67108864 op, 563682919.76 ns, 8.3995 ns/op
MainTarget  7: 67108864 op, 566331148.11 ns, 8.4390 ns/op
MainTarget  8: 67108864 op, 562423708.71 ns, 8.3808 ns/op
MainTarget  9: 67108864 op, 563728698.30 ns, 8.4002 ns/op
MainTarget 10: 67108864 op, 563226339.04 ns, 8.3927 ns/op
MainTarget 11: 67108864 op, 563247120.09 ns, 8.3930 ns/op
MainTarget 12: 67108864 op, 567114804.45 ns, 8.4507 ns/op
MainTarget 13: 67108864 op, 562549298.52 ns, 8.3826 ns/op
MainTarget 14: 67108864 op, 563531428.93 ns, 8.3973 ns/op
MainTarget 15: 67108864 op, 564555422.60 ns, 8.4125 ns/op

// AfterMainRun
Result  1: 67108864 op, 260643455.54 ns, 3.8839 ns/op
Result  2: 67108864 op, 262059578.56 ns, 3.9050 ns/op
Result  3: 67108864 op, 261926459.38 ns, 3.9030 ns/op
Result  4: 67108864 op, 260564246.62 ns, 3.8827 ns/op
Result  5: 67108864 op, 262530013.30 ns, 3.9120 ns/op
Result  6: 67108864 op, 261082568.12 ns, 3.8904 ns/op
Result  7: 67108864 op, 263730796.48 ns, 3.9299 ns/op
Result  8: 67108864 op, 259823357.07 ns, 3.8717 ns/op
Result  9: 67108864 op, 261128346.66 ns, 3.8911 ns/op
Result 10: 67108864 op, 260625987.41 ns, 3.8836 ns/op
Result 11: 67108864 op, 260646768.46 ns, 3.8839 ns/op
Result 12: 67108864 op, 259948946.89 ns, 3.8735 ns/op
Result 13: 67108864 op, 260931077.29 ns, 3.8882 ns/op
Result 14: 67108864 op, 261955070.97 ns, 3.9034 ns/op
GC:  0 0 0 0 67108864

// AfterAll

Mean = 3.8930 ns, StdErr = 0.0043 ns (0.11%); N = 14, StdDev = 0.0159 ns
Min = 3.8717 ns, Q1 = 3.8836 ns, Median = 3.8893 ns, Q3 = 3.9034 ns, Max = 3.9299 ns
IQR = 0.0198 ns, LowerFence = 3.8539 ns, UpperFence = 3.9331 ns
ConfidenceInterval = [3.8751 ns; 3.9110 ns] (CI 99.9%), Margin = 0.0180 ns (0.46% of Mean)
Skewness = 0.71, Kurtosis = 2.66


// **************************
// Benchmark: DefaultCheckWithParameter.MustNotBeDefaultValueV1: Core(Runtime=Core)
// *** Execute ***
// Launch: 1 / 1
// BeforeAnythingElse

// Benchmark Process Environment Information:
// Runtime=.NET Core 2.0.5 (Framework 4.6.26020.03), 64bit RyuJIT
// GC=Concurrent Workstation
// Job: Core(Runtime=Core)

Pilot  1: 16 op, 173175.40 ns, 10.8235 us/op
Pilot  2: 32 op, 3011.75 ns, 94.1171 ns/op
Pilot  3: 64 op, 2108.22 ns, 32.9410 ns/op
Pilot  4: 128 op, 2710.57 ns, 21.1763 ns/op
Pilot  5: 256 op, 4818.79 ns, 18.8234 ns/op
Pilot  6: 512 op, 8131.71 ns, 15.8823 ns/op
Pilot  7: 1024 op, 14456.38 ns, 14.1176 ns/op
Pilot  8: 2048 op, 28310.41 ns, 13.8234 ns/op
Pilot  9: 4096 op, 73185.43 ns, 17.8675 ns/op
Pilot 10: 8192 op, 159020.19 ns, 19.4116 ns/op
Pilot 11: 16384 op, 343037.88 ns, 20.9374 ns/op
Pilot 12: 32768 op, 683967.54 ns, 20.8730 ns/op
Pilot 13: 65536 op, 1398956.07 ns, 21.3464 ns/op
Pilot 14: 131072 op, 2239534.41 ns, 17.0863 ns/op
Pilot 15: 262144 op, 3337014.69 ns, 12.7297 ns/op
Pilot 16: 524288 op, 6887562.18 ns, 13.1370 ns/op
Pilot 17: 1048576 op, 13405884.29 ns, 12.7848 ns/op
Pilot 18: 2097152 op, 26439215.58 ns, 12.6072 ns/op
Pilot 19: 4194304 op, 52289333.63 ns, 12.4667 ns/op
Pilot 20: 8388608 op, 104026915.37 ns, 12.4010 ns/op
Pilot 21: 16777216 op, 210467444.08 ns, 12.5448 ns/op
Pilot 22: 33554432 op, 416670255.66 ns, 12.4177 ns/op
Pilot 23: 67108864 op, 830170949.72 ns, 12.3705 ns/op

IdleWarmup  1: 67108864 op, 301400793.23 ns, 4.4912 ns/op
IdleWarmup  2: 67108864 op, 300776759.44 ns, 4.4819 ns/op
IdleWarmup  3: 67108864 op, 302511525.20 ns, 4.5078 ns/op
IdleWarmup  4: 67108864 op, 302294077.13 ns, 4.5045 ns/op
IdleWarmup  5: 67108864 op, 301950738.07 ns, 4.4994 ns/op
IdleWarmup  6: 67108864 op, 302806375.14 ns, 4.5122 ns/op
IdleWarmup  7: 67108864 op, 301777562.67 ns, 4.4968 ns/op

IdleTarget  1: 67108864 op, 301374591.04 ns, 4.4908 ns/op
IdleTarget  2: 67108864 op, 301002941.57 ns, 4.4853 ns/op
IdleTarget  3: 67108864 op, 301696245.53 ns, 4.4956 ns/op
IdleTarget  4: 67108864 op, 302413944.63 ns, 4.5063 ns/op
IdleTarget  5: 67108864 op, 300442455.62 ns, 4.4769 ns/op
IdleTarget  6: 67108864 op, 300511424.61 ns, 4.4780 ns/op
IdleTarget  7: 67108864 op, 302134454.59 ns, 4.5022 ns/op
IdleTarget  8: 67108864 op, 301479700.98 ns, 4.4924 ns/op
IdleTarget  9: 67108864 op, 302396476.50 ns, 4.5061 ns/op
IdleTarget 10: 67108864 op, 301590533.24 ns, 4.4940 ns/op
IdleTarget 11: 67108864 op, 301501987.90 ns, 4.4927 ns/op
IdleTarget 12: 67108864 op, 301156841.80 ns, 4.4876 ns/op
IdleTarget 13: 67108864 op, 300179831.36 ns, 4.4730 ns/op
IdleTarget 14: 67108864 op, 301211956.75 ns, 4.4884 ns/op
IdleTarget 15: 67108864 op, 301812197.75 ns, 4.4974 ns/op

MainWarmup  1: 67108864 op, 830255880.96 ns, 12.3718 ns/op
MainWarmup  2: 67108864 op, 840035321.76 ns, 12.5175 ns/op
MainWarmup  3: 67108864 op, 838514088.80 ns, 12.4948 ns/op
MainWarmup  4: 67108864 op, 840571412.57 ns, 12.5255 ns/op
MainWarmup  5: 67108864 op, 826276460.82 ns, 12.3125 ns/op
MainWarmup  6: 67108864 op, 839710354.35 ns, 12.5127 ns/op

// BeforeMainRun
MainTarget  1: 67108864 op, 833648914.13 ns, 12.4223 ns/op
MainTarget  2: 67108864 op, 838459576.19 ns, 12.4940 ns/op
MainTarget  3: 67108864 op, 838491500.70 ns, 12.4945 ns/op
MainTarget  4: 67108864 op, 823251161.86 ns, 12.2674 ns/op
MainTarget  5: 67108864 op, 823714368.41 ns, 12.2743 ns/op
MainTarget  6: 67108864 op, 823353260.05 ns, 12.2689 ns/op
MainTarget  7: 67108864 op, 832191831.36 ns, 12.4006 ns/op
MainTarget  8: 67108864 op, 835733644.79 ns, 12.4534 ns/op
MainTarget  9: 67108864 op, 834111819.51 ns, 12.4292 ns/op
MainTarget 10: 67108864 op, 841680337.48 ns, 12.5420 ns/op
MainTarget 11: 67108864 op, 1219055136.94 ns, 18.1653 ns/op
MainTarget 12: 67108864 op, 823795986.73 ns, 12.2755 ns/op
MainTarget 13: 67108864 op, 839589884.51 ns, 12.5109 ns/op
MainTarget 14: 67108864 op, 840973480.67 ns, 12.5315 ns/op
MainTarget 15: 67108864 op, 825678930.40 ns, 12.3036 ns/op

// AfterMainRun
Result  1: 67108864 op, 532255208.54 ns, 7.9312 ns/op
Result  2: 67108864 op, 537065870.60 ns, 8.0029 ns/op
Result  3: 67108864 op, 537097795.11 ns, 8.0034 ns/op
Result  4: 67108864 op, 521857456.27 ns, 7.7763 ns/op
Result  5: 67108864 op, 522320662.82 ns, 7.7832 ns/op
Result  6: 67108864 op, 521959554.46 ns, 7.7778 ns/op
Result  7: 67108864 op, 530798125.77 ns, 7.9095 ns/op
Result  8: 67108864 op, 534339939.20 ns, 7.9623 ns/op
Result  9: 67108864 op, 532718113.92 ns, 7.9381 ns/op
Result 10: 67108864 op, 540286631.89 ns, 8.0509 ns/op
Result 11: 67108864 op, 522402281.14 ns, 7.7844 ns/op
Result 12: 67108864 op, 538196178.92 ns, 8.0197 ns/op
Result 13: 67108864 op, 539579775.08 ns, 8.0404 ns/op
Result 14: 67108864 op, 524285224.81 ns, 7.8125 ns/op
GC:  767 0 0 3221225472 67108864

// AfterAll

Mean = 7.9138 ns, StdErr = 0.0284 ns (0.36%); N = 14, StdDev = 0.1062 ns
Min = 7.7763 ns, Q1 = 7.7844 ns, Median = 7.9347 ns, Q3 = 8.0034 ns, Max = 8.0509 ns
IQR = 0.2190 ns, LowerFence = 7.4559 ns, UpperFence = 8.3319 ns
ConfidenceInterval = [7.7939 ns; 8.0336 ns] (CI 99.9%), Margin = 0.1199 ns (1.51% of Mean)
Skewness = -0.19, Kurtosis = 1.26


// **************************
// Benchmark: DefaultCheckWithParameter.MustNotBeDefaultValueV2: Core(Runtime=Core)
// *** Execute ***
// Launch: 1 / 1
// BeforeAnythingElse

// Benchmark Process Environment Information:
// Runtime=.NET Core 2.0.5 (Framework 4.6.26020.03), 64bit RyuJIT
// GC=Concurrent Workstation
// Job: Core(Runtime=Core)

Pilot  1: 16 op, 198474.07 ns, 12.4046 us/op
Pilot  2: 32 op, 3915.27 ns, 122.3522 ns/op
Pilot  3: 64 op, 4216.44 ns, 65.8819 ns/op
Pilot  4: 128 op, 2409.40 ns, 18.8234 ns/op
Pilot  5: 256 op, 4818.79 ns, 18.8234 ns/op
Pilot  6: 512 op, 8734.06 ns, 17.0587 ns/op
Pilot  7: 1024 op, 16263.43 ns, 15.8823 ns/op
Pilot  8: 2048 op, 30418.64 ns, 14.8528 ns/op
Pilot  9: 4096 op, 78907.75 ns, 19.2646 ns/op
Pilot 10: 8192 op, 168356.61 ns, 20.5513 ns/op
Pilot 11: 16384 op, 361409.53 ns, 22.0587 ns/op
Pilot 12: 32768 op, 743901.29 ns, 22.7021 ns/op
Pilot 13: 65536 op, 1571830.30 ns, 23.9842 ns/op
Pilot 14: 131072 op, 2349463.14 ns, 17.9250 ns/op
Pilot 15: 262144 op, 3706254.76 ns, 14.1382 ns/op
Pilot 16: 524288 op, 7330891.21 ns, 13.9826 ns/op
Pilot 17: 1048576 op, 14927117.25 ns, 14.2356 ns/op
Pilot 18: 2097152 op, 28829638.47 ns, 13.7470 ns/op
Pilot 19: 4194304 op, 58467930.78 ns, 13.9398 ns/op
Pilot 20: 8388608 op, 112720019.35 ns, 13.4373 ns/op
Pilot 21: 16777216 op, 226901940.26 ns, 13.5244 ns/op
Pilot 22: 33554432 op, 452697967.34 ns, 13.4915 ns/op
Pilot 23: 67108864 op, 905050487.41 ns, 13.4863 ns/op

IdleWarmup  1: 67108864 op, 302432918.63 ns, 4.5066 ns/op
IdleWarmup  2: 67108864 op, 301941401.66 ns, 4.4993 ns/op
IdleWarmup  3: 67108864 op, 300350597.36 ns, 4.4756 ns/op
IdleWarmup  4: 67108864 op, 301811595.40 ns, 4.4973 ns/op
IdleWarmup  5: 67108864 op, 301279721.04 ns, 4.4894 ns/op
IdleWarmup  6: 67108864 op, 301160757.07 ns, 4.4876 ns/op
IdleWarmup  7: 67108864 op, 302841913.75 ns, 4.5127 ns/op
IdleWarmup  8: 67108864 op, 301962182.71 ns, 4.4996 ns/op

IdleTarget  1: 67108864 op, 300215671.14 ns, 4.4736 ns/op
IdleTarget  2: 67108864 op, 300694839.95 ns, 4.4807 ns/op
IdleTarget  3: 67108864 op, 301027336.72 ns, 4.4857 ns/op
IdleTarget  4: 67108864 op, 301003543.92 ns, 4.4853 ns/op
IdleTarget  5: 67108864 op, 300709898.68 ns, 4.4809 ns/op
IdleTarget  6: 67108864 op, 302655787.84 ns, 4.5099 ns/op
IdleTarget  7: 67108864 op, 302103433.60 ns, 4.5017 ns/op
IdleTarget  8: 67108864 op, 301029143.76 ns, 4.4857 ns/op
IdleTarget  9: 67108864 op, 301370073.42 ns, 4.4908 ns/op
IdleTarget 10: 67108864 op, 302898835.75 ns, 4.5135 ns/op
IdleTarget 11: 67108864 op, 301664923.37 ns, 4.4952 ns/op
IdleTarget 12: 67108864 op, 301577582.73 ns, 4.4939 ns/op
IdleTarget 13: 67108864 op, 301599869.65 ns, 4.4942 ns/op
IdleTarget 14: 67108864 op, 302049523.35 ns, 4.5009 ns/op
IdleTarget 15: 67108864 op, 300890302.27 ns, 4.4836 ns/op

MainWarmup  1: 67108864 op, 892870383.78 ns, 13.3048 ns/op
MainWarmup  2: 67108864 op, 891578947.05 ns, 13.2856 ns/op
MainWarmup  3: 67108864 op, 892952905.63 ns, 13.3060 ns/op
MainWarmup  4: 67108864 op, 896228781.87 ns, 13.3548 ns/op
MainWarmup  5: 67108864 op, 891477150.03 ns, 13.2840 ns/op
MainWarmup  6: 67108864 op, 892925197.56 ns, 13.3056 ns/op
MainWarmup  7: 67108864 op, 894216333.12 ns, 13.3249 ns/op
MainWarmup  8: 67108864 op, 891798804.52 ns, 13.2888 ns/op

// BeforeMainRun
MainTarget  1: 67108864 op, 892971879.63 ns, 13.3063 ns/op
MainTarget  2: 67108864 op, 891509978.07 ns, 13.2845 ns/op
MainTarget  3: 67108864 op, 889742986.62 ns, 13.2582 ns/op
MainTarget  4: 67108864 op, 887226371.57 ns, 13.2207 ns/op
MainTarget  5: 67108864 op, 888725317.61 ns, 13.2430 ns/op
MainTarget  6: 67108864 op, 892066548.75 ns, 13.2928 ns/op
MainTarget  7: 67108864 op, 887299557.00 ns, 13.2218 ns/op
MainTarget  8: 67108864 op, 890065845.81 ns, 13.2630 ns/op
MainTarget  9: 67108864 op, 889273154.23 ns, 13.2512 ns/op
MainTarget 10: 67108864 op, 926294440.95 ns, 13.8029 ns/op
MainTarget 11: 67108864 op, 890217035.46 ns, 13.2653 ns/op
MainTarget 12: 67108864 op, 887619705.61 ns, 13.2266 ns/op
MainTarget 13: 67108864 op, 891072973.70 ns, 13.2780 ns/op
MainTarget 14: 67108864 op, 888298553.19 ns, 13.2367 ns/op
MainTarget 15: 67108864 op, 889011132.32 ns, 13.2473 ns/op

// AfterMainRun
Result  1: 67108864 op, 591539161.89 ns, 8.8146 ns/op
Result  2: 67108864 op, 590077260.32 ns, 8.7928 ns/op
Result  3: 67108864 op, 588310268.88 ns, 8.7665 ns/op
Result  4: 67108864 op, 585793653.83 ns, 8.7290 ns/op
Result  5: 67108864 op, 587292599.87 ns, 8.7513 ns/op
Result  6: 67108864 op, 590633831.00 ns, 8.8011 ns/op
Result  7: 67108864 op, 585866839.26 ns, 8.7301 ns/op
Result  8: 67108864 op, 588633128.06 ns, 8.7713 ns/op
Result  9: 67108864 op, 587840436.49 ns, 8.7595 ns/op
Result 10: 67108864 op, 588784317.72 ns, 8.7736 ns/op
Result 11: 67108864 op, 586186987.87 ns, 8.7349 ns/op
Result 12: 67108864 op, 589640255.96 ns, 8.7863 ns/op
Result 13: 67108864 op, 586865835.44 ns, 8.7450 ns/op
Result 14: 67108864 op, 587578414.57 ns, 8.7556 ns/op
GC:  767 0 0 3221225472 67108864

// AfterAll

Mean = 8.7651 ns, StdErr = 0.0071 ns (0.08%); N = 14, StdDev = 0.0267 ns
Min = 8.7290 ns, Q1 = 8.7450 ns, Median = 8.7630 ns, Q3 = 8.7863 ns, Max = 8.8146 ns
IQR = 0.0413 ns, LowerFence = 8.6830 ns, UpperFence = 8.8483 ns
ConfidenceInterval = [8.7350 ns; 8.7952 ns] (CI 99.9%), Margin = 0.0301 ns (0.34% of Mean)
Skewness = 0.26, Kurtosis = 1.8


// **************************
// Benchmark: DefaultCheckWithParameter.MustNotBeDefaultReferenceV1: Core(Runtime=Core)
// *** Execute ***
// Launch: 1 / 1
// BeforeAnythingElse

// Benchmark Process Environment Information:
// Runtime=.NET Core 2.0.5 (Framework 4.6.26020.03), 64bit RyuJIT
// GC=Concurrent Workstation
// Job: Core(Runtime=Core)

Pilot  1: 16 op, 179801.24 ns, 11.2376 us/op
Pilot  2: 32 op, 1505.87 ns, 47.0585 ns/op
Pilot  3: 64 op, 602.35 ns, 9.4117 ns/op
Pilot  4: 128 op, 1204.70 ns, 9.4117 ns/op
Pilot  5: 256 op, 1807.05 ns, 7.0588 ns/op
Pilot  6: 512 op, 3312.92 ns, 6.4705 ns/op
Pilot  7: 1024 op, 6625.84 ns, 6.4705 ns/op
Pilot  8: 2048 op, 12950.51 ns, 6.3235 ns/op
Pilot  9: 4096 op, 24997.49 ns, 6.1029 ns/op
Pilot 10: 8192 op, 49693.81 ns, 6.0661 ns/op
Pilot 11: 16384 op, 101194.67 ns, 6.1764 ns/op
Pilot 12: 32768 op, 199979.94 ns, 6.1029 ns/op
Pilot 13: 65536 op, 399658.71 ns, 6.0983 ns/op
Pilot 14: 131072 op, 802329.16 ns, 6.1213 ns/op
Pilot 15: 262144 op, 1590201.95 ns, 6.0661 ns/op
Pilot 16: 524288 op, 3258709.29 ns, 6.2155 ns/op
Pilot 17: 1048576 op, 6368337.15 ns, 6.0733 ns/op
Pilot 18: 2097152 op, 12739083.70 ns, 6.0745 ns/op
Pilot 19: 4194304 op, 25049595.93 ns, 5.9723 ns/op
Pilot 20: 8388608 op, 49783259.69 ns, 5.9346 ns/op
Pilot 21: 16777216 op, 98854843.78 ns, 5.8922 ns/op
Pilot 22: 33554432 op, 198815600.72 ns, 5.9252 ns/op
Pilot 23: 67108864 op, 395081758.37 ns, 5.8872 ns/op
Pilot 24: 134217728 op, 787748096.35 ns, 5.8692 ns/op

IdleWarmup  1: 134217728 op, 603145226.70 ns, 4.4938 ns/op
IdleWarmup  2: 134217728 op, 607883908.03 ns, 4.5291 ns/op
IdleWarmup  3: 134217728 op, 604442686.92 ns, 4.5034 ns/op
IdleWarmup  4: 134217728 op, 604143620.53 ns, 4.5012 ns/op
IdleWarmup  5: 134217728 op, 602996747.62 ns, 4.4927 ns/op
IdleWarmup  6: 134217728 op, 605234474.98 ns, 4.5093 ns/op
IdleWarmup  7: 134217728 op, 604066519.83 ns, 4.5006 ns/op

IdleTarget  1: 134217728 op, 604177653.27 ns, 4.5015 ns/op
IdleTarget  2: 134217728 op, 602769661.96 ns, 4.4910 ns/op
IdleTarget  3: 134217728 op, 603022648.63 ns, 4.4929 ns/op
IdleTarget  4: 134217728 op, 603185584.10 ns, 4.4941 ns/op
IdleTarget  5: 134217728 op, 603826182.49 ns, 4.4989 ns/op
IdleTarget  6: 134217728 op, 603080172.98 ns, 4.4933 ns/op
IdleTarget  7: 134217728 op, 604091818.50 ns, 4.5008 ns/op
IdleTarget  8: 134217728 op, 608145026.42 ns, 4.5310 ns/op
IdleTarget  9: 134217728 op, 604838129.19 ns, 4.5064 ns/op
IdleTarget 10: 134217728 op, 604792049.47 ns, 4.5061 ns/op
IdleTarget 11: 134217728 op, 605089609.99 ns, 4.5083 ns/op
IdleTarget 12: 134217728 op, 605475113.49 ns, 4.5111 ns/op
IdleTarget 13: 134217728 op, 601670073.45 ns, 4.4828 ns/op
IdleTarget 14: 134217728 op, 603789138.02 ns, 4.4986 ns/op
IdleTarget 15: 134217728 op, 603797269.73 ns, 4.4986 ns/op

MainWarmup  1: 134217728 op, 789773495.61 ns, 5.8843 ns/op
MainWarmup  2: 134217728 op, 791678123.85 ns, 5.8985 ns/op
MainWarmup  3: 134217728 op, 791932616.40 ns, 5.9004 ns/op
MainWarmup  4: 134217728 op, 795497319.09 ns, 5.9269 ns/op
MainWarmup  5: 134217728 op, 789297940.90 ns, 5.8807 ns/op
MainWarmup  6: 134217728 op, 790368315.47 ns, 5.8887 ns/op
MainWarmup  7: 134217728 op, 789043448.35 ns, 5.8788 ns/op

// BeforeMainRun
MainTarget  1: 134217728 op, 790188213.05 ns, 5.8874 ns/op
MainTarget  2: 134217728 op, 791217326.70 ns, 5.8950 ns/op
MainTarget  3: 134217728 op, 789648508.15 ns, 5.8833 ns/op
MainTarget  4: 134217728 op, 791363396.38 ns, 5.8961 ns/op
MainTarget  5: 134217728 op, 789768977.99 ns, 5.8842 ns/op
MainTarget  6: 134217728 op, 791712758.93 ns, 5.8987 ns/op
MainTarget  7: 134217728 op, 799092440.43 ns, 5.9537 ns/op
MainTarget  8: 134217728 op, 810310291.17 ns, 6.0373 ns/op
MainTarget  9: 134217728 op, 793227667.22 ns, 5.9100 ns/op
MainTarget 10: 134217728 op, 790038228.09 ns, 5.8862 ns/op
MainTarget 11: 134217728 op, 790080392.54 ns, 5.8866 ns/op
MainTarget 12: 134217728 op, 792055796.81 ns, 5.9013 ns/op
MainTarget 13: 134217728 op, 792261800.25 ns, 5.9028 ns/op
MainTarget 14: 134217728 op, 793647203.46 ns, 5.9131 ns/op
MainTarget 15: 134217728 op, 798559963.71 ns, 5.9497 ns/op

// AfterMainRun
Result  1: 134217728 op, 186071537.60 ns, 1.3863 ns/op
Result  2: 134217728 op, 187100651.25 ns, 1.3940 ns/op
Result  3: 134217728 op, 185531832.70 ns, 1.3823 ns/op
Result  4: 134217728 op, 187246720.94 ns, 1.3951 ns/op
Result  5: 134217728 op, 185652302.55 ns, 1.3832 ns/op
Result  6: 134217728 op, 187596083.49 ns, 1.3977 ns/op
Result  7: 134217728 op, 189110991.78 ns, 1.4090 ns/op
Result  8: 134217728 op, 185921552.65 ns, 1.3852 ns/op
Result  9: 134217728 op, 185963717.09 ns, 1.3855 ns/op
Result 10: 134217728 op, 187939121.37 ns, 1.4003 ns/op
Result 11: 134217728 op, 188145124.80 ns, 1.4018 ns/op
Result 12: 134217728 op, 189530528.01 ns, 1.4121 ns/op
Result 13: 134217728 op, 194443288.27 ns, 1.4487 ns/op
GC:  0 0 0 0 134217728

// AfterAll

Mean = 1.3986 ns, StdErr = 0.0050 ns (0.36%); N = 13, StdDev = 0.0179 ns
Min = 1.3823 ns, Q1 = 1.3854 ns, Median = 1.3951 ns, Q3 = 1.4054 ns, Max = 1.4487 ns
IQR = 0.0200 ns, LowerFence = 1.3554 ns, UpperFence = 1.4354 ns
ConfidenceInterval = [1.3771 ns; 1.4200 ns] (CI 99.9%), Margin = 0.0215 ns (1.53% of Mean)
Skewness = 1.54, Kurtosis = 4.92


// **************************
// Benchmark: DefaultCheckWithParameter.MustNotBeDefaultReferenceV2: Core(Runtime=Core)
// *** Execute ***
// Launch: 1 / 1
// BeforeAnythingElse

// Benchmark Process Environment Information:
// Runtime=.NET Core 2.0.5 (Framework 4.6.26020.03), 64bit RyuJIT
// GC=Concurrent Workstation
// Job: Core(Runtime=Core)

Pilot  1: 16 op, 196365.85 ns, 12.2729 us/op
Pilot  2: 32 op, 2409.40 ns, 75.2937 ns/op
Pilot  3: 64 op, 1204.70 ns, 18.8234 ns/op
Pilot  4: 128 op, 1807.05 ns, 14.1176 ns/op
Pilot  5: 256 op, 3011.75 ns, 11.7646 ns/op
Pilot  6: 512 op, 5421.14 ns, 10.5882 ns/op
Pilot  7: 1024 op, 18070.48 ns, 17.6469 ns/op
Pilot  8: 2048 op, 19877.52 ns, 9.7058 ns/op
Pilot  9: 4096 op, 39453.87 ns, 9.6323 ns/op
Pilot 10: 8192 op, 80413.62 ns, 9.8161 ns/op
Pilot 11: 16384 op, 155406.10 ns, 9.4852 ns/op
Pilot 12: 32768 op, 322256.83 ns, 9.8345 ns/op
Pilot 13: 65536 op, 629454.94 ns, 9.6047 ns/op
Pilot 14: 131072 op, 1261921.62 ns, 9.6277 ns/op
Pilot 15: 262144 op, 2558779.50 ns, 9.7610 ns/op
Pilot 16: 524288 op, 5093465.02 ns, 9.7150 ns/op
Pilot 17: 1048576 op, 10121575.16 ns, 9.6527 ns/op
Pilot 18: 2097152 op, 19926314.62 ns, 9.5016 ns/op
Pilot 19: 4194304 op, 39206308.52 ns, 9.3475 ns/op
Pilot 20: 8388608 op, 77866888.65 ns, 9.2825 ns/op
Pilot 21: 16777216 op, 154804653.63 ns, 9.2271 ns/op
Pilot 22: 33554432 op, 310583908.30 ns, 9.2561 ns/op
Pilot 23: 67108864 op, 619414980.36 ns, 9.2300 ns/op

IdleWarmup  1: 67108864 op, 300390051.24 ns, 4.4762 ns/op
IdleWarmup  2: 67108864 op, 301735398.23 ns, 4.4962 ns/op
IdleWarmup  3: 67108864 op, 304049623.94 ns, 4.5307 ns/op
IdleWarmup  4: 67108864 op, 298563728.40 ns, 4.4489 ns/op
IdleWarmup  5: 67108864 op, 301033059.03 ns, 4.4857 ns/op
IdleWarmup  6: 67108864 op, 299463638.14 ns, 4.4624 ns/op

IdleTarget  1: 67108864 op, 300419265.18 ns, 4.4766 ns/op
IdleTarget  2: 67108864 op, 300403905.27 ns, 4.4764 ns/op
IdleTarget  3: 67108864 op, 300267473.17 ns, 4.4743 ns/op
IdleTarget  4: 67108864 op, 298937787.26 ns, 4.4545 ns/op
IdleTarget  5: 67108864 op, 301467051.65 ns, 4.4922 ns/op
IdleTarget  6: 67108864 op, 300739714.96 ns, 4.4814 ns/op
IdleTarget  7: 67108864 op, 301066188.24 ns, 4.4862 ns/op
IdleTarget  8: 67108864 op, 300275604.89 ns, 4.4745 ns/op
IdleTarget  9: 67108864 op, 299168788.19 ns, 4.4580 ns/op
IdleTarget 10: 67108864 op, 304721243.32 ns, 4.5407 ns/op
IdleTarget 11: 67108864 op, 304713713.96 ns, 4.5406 ns/op
IdleTarget 12: 67108864 op, 300148208.03 ns, 4.4726 ns/op
IdleTarget 13: 67108864 op, 300372884.29 ns, 4.4759 ns/op
IdleTarget 14: 67108864 op, 300023220.56 ns, 4.4707 ns/op
IdleTarget 15: 67108864 op, 301547465.27 ns, 4.4934 ns/op

MainWarmup  1: 67108864 op, 623601608.63 ns, 9.2924 ns/op
MainWarmup  2: 67108864 op, 619008093.47 ns, 9.2239 ns/op
MainWarmup  3: 67108864 op, 618845158.00 ns, 9.2215 ns/op
MainWarmup  4: 67108864 op, 621628613.76 ns, 9.2630 ns/op
MainWarmup  5: 67108864 op, 621249736.10 ns, 9.2573 ns/op
MainWarmup  6: 67108864 op, 628592373.11 ns, 9.3668 ns/op
MainWarmup  7: 67108864 op, 623345007.87 ns, 9.2886 ns/op

// BeforeMainRun
MainTarget  1: 67108864 op, 622212892.50 ns, 9.2717 ns/op
MainTarget  2: 67108864 op, 619795062.72 ns, 9.2357 ns/op
MainTarget  3: 67108864 op, 619936012.44 ns, 9.2378 ns/op
MainTarget  4: 67108864 op, 620007993.17 ns, 9.2388 ns/op
MainTarget  5: 67108864 op, 621110593.43 ns, 9.2553 ns/op
MainTarget  6: 67108864 op, 619580325.23 ns, 9.2325 ns/op
MainTarget  7: 67108864 op, 621989420.94 ns, 9.2684 ns/op
MainTarget  8: 67108864 op, 620341092.29 ns, 9.2438 ns/op
MainTarget  9: 67108864 op, 621788236.30 ns, 9.2654 ns/op
MainTarget 10: 67108864 op, 621701799.19 ns, 9.2641 ns/op
MainTarget 11: 67108864 op, 619754705.33 ns, 9.2351 ns/op
MainTarget 12: 67108864 op, 618422308.85 ns, 9.2152 ns/op
MainTarget 13: 67108864 op, 619426726.17 ns, 9.2302 ns/op
MainTarget 14: 67108864 op, 619662847.07 ns, 9.2337 ns/op
MainTarget 15: 67108864 op, 617988918.58 ns, 9.2088 ns/op

// AfterMainRun
Result  1: 67108864 op, 321261391.55 ns, 4.7872 ns/op
Result  2: 67108864 op, 318843561.78 ns, 4.7511 ns/op
Result  3: 67108864 op, 318984511.49 ns, 4.7532 ns/op
Result  4: 67108864 op, 319056492.23 ns, 4.7543 ns/op
Result  5: 67108864 op, 320159092.48 ns, 4.7707 ns/op
Result  6: 67108864 op, 318628824.28 ns, 4.7479 ns/op
Result  7: 67108864 op, 321037919.99 ns, 4.7838 ns/op
Result  8: 67108864 op, 319389591.35 ns, 4.7593 ns/op
Result  9: 67108864 op, 320836735.35 ns, 4.7808 ns/op
Result 10: 67108864 op, 320750298.24 ns, 4.7796 ns/op
Result 11: 67108864 op, 318803204.38 ns, 4.7505 ns/op
Result 12: 67108864 op, 317470807.90 ns, 4.7307 ns/op
Result 13: 67108864 op, 318475225.23 ns, 4.7457 ns/op
Result 14: 67108864 op, 318711346.12 ns, 4.7492 ns/op
Result 15: 67108864 op, 317037417.63 ns, 4.7242 ns/op
GC:  0 0 0 0 67108864

// AfterAll

Mean = 4.7579 ns, StdErr = 0.0049 ns (0.10%); N = 15, StdDev = 0.0189 ns
Min = 4.7242 ns, Q1 = 4.7479 ns, Median = 4.7532 ns, Q3 = 4.7796 ns, Max = 4.7872 ns
IQR = 0.0316 ns, LowerFence = 4.7005 ns, UpperFence = 4.8270 ns
ConfidenceInterval = [4.7376 ns; 4.7781 ns] (CI 99.9%), Margin = 0.0203 ns (0.43% of Mean)
Skewness = 0.04, Kurtosis = 1.86


// ***** BenchmarkRunner: Finish  *****

// * Export *
  BenchmarkDotNet.Artifacts\results\Light.GuardClauses.Performance.DefaultCheckWithParameter-report.csv
  BenchmarkDotNet.Artifacts\results\Light.GuardClauses.Performance.DefaultCheckWithParameter-report-github.md
  BenchmarkDotNet.Artifacts\results\Light.GuardClauses.Performance.DefaultCheckWithParameter-report.html

// * Detailed results *
DefaultCheckWithParameter.MustNotBeDefaultValueV1: Clr(Runtime=Clr)
Runtime = .NET Framework 4.7 (CLR 4.0.30319.42000), 64bit RyuJIT-v4.7.2600.0; GC = Concurrent Workstation
Mean = 8.3753 ns, StdErr = 0.0250 ns (0.30%); N = 14, StdDev = 0.0934 ns
Min = 8.2581 ns, Q1 = 8.2732 ns, Median = 8.3755 ns, Q3 = 8.4670 ns, Max = 8.5167 ns
IQR = 0.1939 ns, LowerFence = 7.9824 ns, UpperFence = 8.7578 ns
ConfidenceInterval = [8.2700 ns; 8.4807 ns] (CI 99.9%), Margin = 0.1053 ns (1.26% of Mean)
Skewness = 0.1, Kurtosis = 1.43


DefaultCheckWithParameter.MustNotBeDefaultValueV2: Clr(Runtime=Clr)
Runtime = .NET Framework 4.7 (CLR 4.0.30319.42000), 64bit RyuJIT-v4.7.2600.0; GC = Concurrent Workstation
Mean = 9.1113 ns, StdErr = 0.0113 ns (0.12%); N = 12, StdDev = 0.0393 ns
Min = 9.0393 ns, Q1 = 9.0930 ns, Median = 9.1123 ns, Q3 = 9.1387 ns, Max = 9.1748 ns
IQR = 0.0457 ns, LowerFence = 9.0245 ns, UpperFence = 9.2072 ns
ConfidenceInterval = [9.0610 ns; 9.1615 ns] (CI 99.9%), Margin = 0.0503 ns (0.55% of Mean)
Skewness = -0.29, Kurtosis = 2.12


DefaultCheckWithParameter.MustNotBeDefaultReferenceV1: Clr(Runtime=Clr)
Runtime = .NET Framework 4.7 (CLR 4.0.30319.42000), 64bit RyuJIT-v4.7.2600.0; GC = Concurrent Workstation
Mean = 0.2369 ns, StdErr = 0.0031 ns (1.31%); N = 14, StdDev = 0.0116 ns
Min = 0.2147 ns, Q1 = 0.2312 ns, Median = 0.2361 ns, Q3 = 0.2414 ns, Max = 0.2602 ns
IQR = 0.0102 ns, LowerFence = 0.2159 ns, UpperFence = 0.2568 ns
ConfidenceInterval = [0.2238 ns; 0.2500 ns] (CI 99.9%), Margin = 0.0131 ns (5.55% of Mean)
Skewness = 0.07, Kurtosis = 2.59


DefaultCheckWithParameter.MustNotBeDefaultReferenceV2: Clr(Runtime=Clr)
Runtime = .NET Framework 4.7 (CLR 4.0.30319.42000), 64bit RyuJIT-v4.7.2600.0; GC = Concurrent Workstation
Mean = 3.8930 ns, StdErr = 0.0043 ns (0.11%); N = 14, StdDev = 0.0159 ns
Min = 3.8717 ns, Q1 = 3.8836 ns, Median = 3.8893 ns, Q3 = 3.9034 ns, Max = 3.9299 ns
IQR = 0.0198 ns, LowerFence = 3.8539 ns, UpperFence = 3.9331 ns
ConfidenceInterval = [3.8751 ns; 3.9110 ns] (CI 99.9%), Margin = 0.0180 ns (0.46% of Mean)
Skewness = 0.71, Kurtosis = 2.66


DefaultCheckWithParameter.MustNotBeDefaultValueV1: Core(Runtime=Core)
Runtime = .NET Core 2.0.5 (Framework 4.6.26020.03), 64bit RyuJIT; GC = Concurrent Workstation
Mean = 7.9138 ns, StdErr = 0.0284 ns (0.36%); N = 14, StdDev = 0.1062 ns
Min = 7.7763 ns, Q1 = 7.7844 ns, Median = 7.9347 ns, Q3 = 8.0034 ns, Max = 8.0509 ns
IQR = 0.2190 ns, LowerFence = 7.4559 ns, UpperFence = 8.3319 ns
ConfidenceInterval = [7.7939 ns; 8.0336 ns] (CI 99.9%), Margin = 0.1199 ns (1.51% of Mean)
Skewness = -0.19, Kurtosis = 1.26


DefaultCheckWithParameter.MustNotBeDefaultValueV2: Core(Runtime=Core)
Runtime = .NET Core 2.0.5 (Framework 4.6.26020.03), 64bit RyuJIT; GC = Concurrent Workstation
Mean = 8.7651 ns, StdErr = 0.0071 ns (0.08%); N = 14, StdDev = 0.0267 ns
Min = 8.7290 ns, Q1 = 8.7450 ns, Median = 8.7630 ns, Q3 = 8.7863 ns, Max = 8.8146 ns
IQR = 0.0413 ns, LowerFence = 8.6830 ns, UpperFence = 8.8483 ns
ConfidenceInterval = [8.7350 ns; 8.7952 ns] (CI 99.9%), Margin = 0.0301 ns (0.34% of Mean)
Skewness = 0.26, Kurtosis = 1.8


DefaultCheckWithParameter.MustNotBeDefaultReferenceV1: Core(Runtime=Core)
Runtime = .NET Core 2.0.5 (Framework 4.6.26020.03), 64bit RyuJIT; GC = Concurrent Workstation
Mean = 1.3986 ns, StdErr = 0.0050 ns (0.36%); N = 13, StdDev = 0.0179 ns
Min = 1.3823 ns, Q1 = 1.3854 ns, Median = 1.3951 ns, Q3 = 1.4054 ns, Max = 1.4487 ns
IQR = 0.0200 ns, LowerFence = 1.3554 ns, UpperFence = 1.4354 ns
ConfidenceInterval = [1.3771 ns; 1.4200 ns] (CI 99.9%), Margin = 0.0215 ns (1.53% of Mean)
Skewness = 1.54, Kurtosis = 4.92


DefaultCheckWithParameter.MustNotBeDefaultReferenceV2: Core(Runtime=Core)
Runtime = .NET Core 2.0.5 (Framework 4.6.26020.03), 64bit RyuJIT; GC = Concurrent Workstation
Mean = 4.7579 ns, StdErr = 0.0049 ns (0.10%); N = 15, StdDev = 0.0189 ns
Min = 4.7242 ns, Q1 = 4.7479 ns, Median = 4.7532 ns, Q3 = 4.7796 ns, Max = 4.7872 ns
IQR = 0.0316 ns, LowerFence = 4.7005 ns, UpperFence = 4.8270 ns
ConfidenceInterval = [4.7376 ns; 4.7781 ns] (CI 99.9%), Margin = 0.0203 ns (0.43% of Mean)
Skewness = 0.04, Kurtosis = 1.86


Total time: 00:04:00 (240.4 sec)

// * Summary *

BenchmarkDotNet=v0.10.12, OS=Windows 10 Redstone 3 [1709, Fall Creators Update] (10.0.16299.192)
Intel Core i7-2600K CPU 3.40GHz (Sandy Bridge), 1 CPU, 8 logical cores and 4 physical cores
Frequency=3320333 Hz, Resolution=301.1746 ns, Timer=TSC
.NET Core SDK=2.1.4
  [Host] : .NET Core 2.0.5 (Framework 4.6.26020.03), 64bit RyuJIT
  Clr    : .NET Framework 4.7 (CLR 4.0.30319.42000), 64bit RyuJIT-v4.7.2600.0
  Core   : .NET Core 2.0.5 (Framework 4.6.26020.03), 64bit RyuJIT


                      Method |  Job | Runtime |      Mean |     Error |    StdDev |  Gen 0 | Allocated |
---------------------------- |----- |-------- |----------:|----------:|----------:|-------:|----------:|
     MustNotBeDefaultValueV1 |  Clr |     Clr | 8.3753 ns | 0.1053 ns | 0.0934 ns | 0.0114 |      48 B |
     MustNotBeDefaultValueV2 |  Clr |     Clr | 9.1113 ns | 0.0503 ns | 0.0393 ns | 0.0114 |      48 B |
 MustNotBeDefaultReferenceV1 |  Clr |     Clr | 0.2369 ns | 0.0131 ns | 0.0116 ns |      - |       0 B |
 MustNotBeDefaultReferenceV2 |  Clr |     Clr | 3.8930 ns | 0.0180 ns | 0.0159 ns |      - |       0 B |
     MustNotBeDefaultValueV1 | Core |    Core | 7.9138 ns | 0.1199 ns | 0.1062 ns | 0.0114 |      48 B |
     MustNotBeDefaultValueV2 | Core |    Core | 8.7651 ns | 0.0301 ns | 0.0267 ns | 0.0114 |      48 B |
 MustNotBeDefaultReferenceV1 | Core |    Core | 1.3986 ns | 0.0215 ns | 0.0179 ns |      - |       0 B |
 MustNotBeDefaultReferenceV2 | Core |    Core | 4.7579 ns | 0.0203 ns | 0.0189 ns |      - |       0 B |

// * Hints *
Outliers
  DefaultCheckWithParameter.MustNotBeDefaultValueV1: Clr      -> 1 outlier  was  removed
  DefaultCheckWithParameter.MustNotBeDefaultValueV2: Clr      -> 3 outliers were removed
  DefaultCheckWithParameter.MustNotBeDefaultReferenceV1: Clr  -> 1 outlier  was  removed
  DefaultCheckWithParameter.MustNotBeDefaultReferenceV2: Clr  -> 1 outlier  was  removed
  DefaultCheckWithParameter.MustNotBeDefaultValueV1: Core     -> 1 outlier  was  removed
  DefaultCheckWithParameter.MustNotBeDefaultValueV2: Core     -> 1 outlier  was  removed
  DefaultCheckWithParameter.MustNotBeDefaultReferenceV1: Core -> 2 outliers were removed

// * Legends *
  Mean      : Arithmetic mean of all measurements
  Error     : Half of 99.9% confidence interval
  StdDev    : Standard deviation of all measurements
  Gen 0     : GC Generation 0 collects per 1k Operations
  Allocated : Allocated memory per single operation (managed only, inclusive, 1KB = 1024B)
  1 ns      : 1 Nanosecond (0.000000001 sec)

// * Diagnostic Output - MemoryDiagnoser *


// ***** BenchmarkRunner: End *****
// * Artifacts cleanup *
