// ***** BenchmarkRunner: Start   *****
// Found benchmarks:
//   MustNotBeNullReferenceWithParameterName.BaseValueType: Clr(Runtime=Clr)
//   MustNotBeNullReferenceWithParameterName.BaseReference: Clr(Runtime=Clr)
//   MustNotBeNullReferenceWithParameterName.ReferenceV1: Clr(Runtime=Clr)
//   MustNotBeNullReferenceWithParameterName.ReferenceV2: Clr(Runtime=Clr)
//   MustNotBeNullReferenceWithParameterName.ValueTypeV1: Clr(Runtime=Clr)
//   MustNotBeNullReferenceWithParameterName.ValueTypeV2: Clr(Runtime=Clr)
//   MustNotBeNullReferenceWithParameterName.BaseValueType: Core(Runtime=Core)
//   MustNotBeNullReferenceWithParameterName.BaseReference: Core(Runtime=Core)
//   MustNotBeNullReferenceWithParameterName.ReferenceV1: Core(Runtime=Core)
//   MustNotBeNullReferenceWithParameterName.ReferenceV2: Core(Runtime=Core)
//   MustNotBeNullReferenceWithParameterName.ValueTypeV1: Core(Runtime=Core)
//   MustNotBeNullReferenceWithParameterName.ValueTypeV2: Core(Runtime=Core)

// Validating benchmarks:
// ***** Building 12 benchmark(s) in Parallel: Start   *****
// ***** Done, took 00:00:24 (24.17 sec)   *****
// **************************
// Benchmark: MustNotBeNullReferenceWithParameterName.BaseValueType: Clr(Runtime=Clr)
// *** Execute ***
// Launch: 1 / 1
// Execute: D:\Programming\Light.GuardClauses\Code\Light.GuardClauses.Performance\bin\Release\netcoreapp2.0\485340f6-f62c-43ba-9284-29ae0c71c0df\bin\Release\net47\485340f6-f62c-43ba-9284-29ae0c71c0df.exe diagnoserAttached
// BeforeAnythingElse

// Benchmark Process Environment Information:
// Runtime=.NET Framework 4.7 (CLR 4.0.30319.42000), 64bit RyuJIT-v4.7.2600.0
// GC=Concurrent Workstation
// Job: Clr(Runtime=Clr)

Pilot  1: 16 op, 168958.96 ns, 10.5599 us/op
Pilot  2: 32 op, 1807.05 ns, 56.4702 ns/op
Pilot  3: 64 op, 602.35 ns, 9.4117 ns/op
Pilot  4: 128 op, 602.35 ns, 4.7059 ns/op
Pilot  5: 256 op, 903.52 ns, 3.5294 ns/op
Pilot  6: 512 op, 1204.70 ns, 2.3529 ns/op
Pilot  7: 1024 op, 2409.40 ns, 2.3529 ns/op
Pilot  8: 2048 op, 3915.27 ns, 1.9118 ns/op
Pilot  9: 4096 op, 10541.11 ns, 2.5735 ns/op
Pilot 10: 8192 op, 15661.08 ns, 1.9118 ns/op
Pilot 11: 16384 op, 43369.14 ns, 2.6470 ns/op
Pilot 12: 32768 op, 62343.14 ns, 1.9026 ns/op
Pilot 13: 65536 op, 124385.11 ns, 1.8980 ns/op
Pilot 14: 131072 op, 248167.88 ns, 1.8934 ns/op
Pilot 15: 262144 op, 496636.93 ns, 1.8945 ns/op
Pilot 16: 524288 op, 999297.36 ns, 1.9060 ns/op
Pilot 17: 1048576 op, 2013051.10 ns, 1.9198 ns/op
Pilot 18: 2097152 op, 4074892.49 ns, 1.9431 ns/op
Pilot 19: 4194304 op, 8102500.56 ns, 1.9318 ns/op
Pilot 20: 8388608 op, 16126996.90 ns, 1.9225 ns/op
Pilot 21: 16777216 op, 32304289.96 ns, 1.9255 ns/op
Pilot 22: 33554432 op, 63752340.50 ns, 1.9000 ns/op
Pilot 23: 67108864 op, 127588708.72 ns, 1.9012 ns/op
Pilot 24: 134217728 op, 252593339.28 ns, 1.8820 ns/op
Pilot 25: 268435456 op, 511245709.39 ns, 1.9045 ns/op

IdleWarmup  1: 268435456 op, 510298214.06 ns, 1.9010 ns/op
IdleWarmup  2: 268435456 op, 510675887.03 ns, 1.9024 ns/op
IdleWarmup  3: 268435456 op, 508425811.51 ns, 1.8940 ns/op
IdleWarmup  4: 268435456 op, 508321303.92 ns, 1.8936 ns/op
IdleWarmup  5: 268435456 op, 508651993.64 ns, 1.8949 ns/op
IdleWarmup  6: 268435456 op, 505856189.73 ns, 1.8845 ns/op

IdleTarget  1: 268435456 op, 509422398.30 ns, 1.8977 ns/op
IdleTarget  2: 268435456 op, 510365074.83 ns, 1.9013 ns/op
IdleTarget  3: 268435456 op, 508745056.60 ns, 1.8952 ns/op
IdleTarget  4: 268435456 op, 508227638.61 ns, 1.8933 ns/op
IdleTarget  5: 268435456 op, 507918934.64 ns, 1.8921 ns/op
IdleTarget  6: 268435456 op, 510482231.75 ns, 1.9017 ns/op
IdleTarget  7: 268435456 op, 510056672.03 ns, 1.9001 ns/op
IdleTarget  8: 268435456 op, 516619266.80 ns, 1.9246 ns/op
IdleTarget  9: 268435456 op, 509391076.14 ns, 1.8976 ns/op
IdleTarget 10: 268435456 op, 509421193.60 ns, 1.8977 ns/op
IdleTarget 11: 268435456 op, 508465566.56 ns, 1.8942 ns/op
IdleTarget 12: 268435456 op, 507867132.60 ns, 1.8920 ns/op
IdleTarget 13: 268435456 op, 508249624.36 ns, 1.8934 ns/op
IdleTarget 14: 268435456 op, 508238480.90 ns, 1.8933 ns/op
IdleTarget 15: 268435456 op, 509368488.04 ns, 1.8975 ns/op

MainWarmup  1: 268435456 op, 507448499.89 ns, 1.8904 ns/op
MainWarmup  2: 268435456 op, 509333852.96 ns, 1.8974 ns/op
MainWarmup  3: 268435456 op, 508382743.54 ns, 1.8939 ns/op
MainWarmup  4: 268435456 op, 511345097.01 ns, 1.9049 ns/op
MainWarmup  5: 268435456 op, 510805392.11 ns, 1.9029 ns/op
MainWarmup  6: 268435456 op, 509216997.21 ns, 1.8970 ns/op

// BeforeMainRun
MainTarget  1: 268435456 op, 513319296.59 ns, 1.9123 ns/op
MainTarget  2: 268435456 op, 510767142.93 ns, 1.9028 ns/op
MainTarget  3: 268435456 op, 515569673.28 ns, 1.9206 ns/op
MainTarget  4: 268435456 op, 552599694.07 ns, 2.0586 ns/op
MainTarget  5: 268435456 op, 510983687.48 ns, 1.9036 ns/op
MainTarget  6: 268435456 op, 508146321.47 ns, 1.8930 ns/op
MainTarget  7: 268435456 op, 505743249.25 ns, 1.8840 ns/op
MainTarget  8: 268435456 op, 511963107.31 ns, 1.9072 ns/op
MainTarget  9: 268435456 op, 508379129.44 ns, 1.8939 ns/op
MainTarget 10: 268435456 op, 509171821.02 ns, 1.8968 ns/op
MainTarget 11: 268435456 op, 510316284.54 ns, 1.9011 ns/op
MainTarget 12: 268435456 op, 514304137.57 ns, 1.9159 ns/op
MainTarget 13: 268435456 op, 511726986.42 ns, 1.9063 ns/op
MainTarget 14: 268435456 op, 507980073.08 ns, 1.8924 ns/op
MainTarget 15: 268435456 op, 508419788.02 ns, 1.8940 ns/op

// AfterMainRun
Result  1: 268435456 op, 3796707.54 ns, 0.0141 ns/op
Result  2: 268435456 op, 1244553.88 ns, 0.0046 ns/op
Result  3: 268435456 op, 6047084.23 ns, 0.0225 ns/op
Result  4: 268435456 op, 1461098.43 ns, 0.0054 ns/op
Result  5: 268435456 op, 0.00 ns, 0.0000 ns/op
Result  6: 268435456 op, 0.00 ns, 0.0000 ns/op
Result  7: 268435456 op, 2440518.27 ns, 0.0091 ns/op
Result  8: 268435456 op, 0.00 ns, 0.0000 ns/op
Result  9: 268435456 op, 0.00 ns, 0.0000 ns/op
Result 10: 268435456 op, 793695.49 ns, 0.0030 ns/op
Result 11: 268435456 op, 4781548.52 ns, 0.0178 ns/op
Result 12: 268435456 op, 2204397.37 ns, 0.0082 ns/op
Result 13: 268435456 op, 0.00 ns, 0.0000 ns/op
Result 14: 268435456 op, 0.00 ns, 0.0000 ns/op
GC:  0 0 0 0 268435456

// AfterAll

Mean = 0.0061 ns, StdErr = 0.0020 ns (32.85%); N = 14, StdDev = 0.0074 ns
Min = 0.0000 ns, Q1 = 0.0000 ns, Median = 0.0038 ns, Q3 = 0.0091 ns, Max = 0.0225 ns
IQR = 0.0091 ns, LowerFence = -0.0136 ns, UpperFence = 0.0227 ns
ConfidenceInterval = [-0.0023 ns; 0.0145 ns] (CI 99.9%), Margin = 0.0084 ns (138.64% of Mean)
Skewness = 0.91, Kurtosis = 2.44


// **************************
// Benchmark: MustNotBeNullReferenceWithParameterName.BaseReference: Clr(Runtime=Clr)
// *** Execute ***
// Launch: 1 / 1
// Execute: D:\Programming\Light.GuardClauses\Code\Light.GuardClauses.Performance\bin\Release\netcoreapp2.0\cb6078bc-10b1-4576-8621-f9f1afb3f5dc\bin\Release\net47\cb6078bc-10b1-4576-8621-f9f1afb3f5dc.exe diagnoserAttached
// BeforeAnythingElse

// Benchmark Process Environment Information:
// Runtime=.NET Framework 4.7 (CLR 4.0.30319.42000), 64bit RyuJIT-v4.7.2600.0
// GC=Concurrent Workstation
// Job: Clr(Runtime=Clr)

Pilot  1: 16 op, 171067.18 ns, 10.6917 us/op
Pilot  2: 32 op, 2710.57 ns, 84.7054 ns/op
Pilot  3: 64 op, 1204.70 ns, 18.8234 ns/op
Pilot  4: 128 op, 1505.87 ns, 11.7646 ns/op
Pilot  5: 256 op, 1505.87 ns, 5.8823 ns/op
Pilot  6: 512 op, 3011.75 ns, 5.8823 ns/op
Pilot  7: 1024 op, 5421.14 ns, 5.2941 ns/op
Pilot  8: 2048 op, 10239.94 ns, 5.0000 ns/op
Pilot  9: 4096 op, 20479.87 ns, 5.0000 ns/op
Pilot 10: 8192 op, 40357.40 ns, 4.9264 ns/op
Pilot 11: 16384 op, 79811.27 ns, 4.8713 ns/op
Pilot 12: 32768 op, 159622.54 ns, 4.8713 ns/op
Pilot 13: 65536 op, 337014.39 ns, 5.1424 ns/op
Pilot 14: 131072 op, 652043.03 ns, 4.9747 ns/op
Pilot 15: 262144 op, 1292942.61 ns, 4.9322 ns/op
Pilot 16: 524288 op, 2772914.64 ns, 5.2889 ns/op
Pilot 17: 1048576 op, 5167855.15 ns, 4.9285 ns/op
Pilot 18: 2097152 op, 10676338.79 ns, 5.0909 ns/op
Pilot 19: 4194304 op, 20603355.15 ns, 4.9122 ns/op
Pilot 20: 8388608 op, 40933544.92 ns, 4.8797 ns/op
Pilot 21: 16777216 op, 83462411.75 ns, 4.9747 ns/op
Pilot 22: 33554432 op, 164186242.77 ns, 4.8931 ns/op
Pilot 23: 67108864 op, 328319478.80 ns, 4.8923 ns/op
Pilot 24: 134217728 op, 655234881.56 ns, 4.8819 ns/op

IdleWarmup  1: 134217728 op, 622594179.56 ns, 4.6387 ns/op
IdleWarmup  2: 134217728 op, 618672283.77 ns, 4.6095 ns/op
IdleWarmup  3: 134217728 op, 617984400.96 ns, 4.6043 ns/op
IdleWarmup  4: 134217728 op, 615671379.95 ns, 4.5871 ns/op
IdleWarmup  5: 134217728 op, 617176349.48 ns, 4.5983 ns/op
IdleWarmup  6: 134217728 op, 623564865.33 ns, 4.6459 ns/op
IdleWarmup  7: 134217728 op, 616614056.48 ns, 4.5941 ns/op
IdleWarmup  8: 134217728 op, 615366892.42 ns, 4.5848 ns/op
IdleWarmup  9: 134217728 op, 616202049.61 ns, 4.5911 ns/op
IdleWarmup 10: 134217728 op, 623917239.63 ns, 4.6485 ns/op

IdleTarget  1: 134217728 op, 615713243.22 ns, 4.5874 ns/op
IdleTarget  2: 134217728 op, 624044636.49 ns, 4.6495 ns/op
IdleTarget  3: 134217728 op, 620789842.46 ns, 4.6252 ns/op
IdleTarget  4: 134217728 op, 615549404.23 ns, 4.5862 ns/op
IdleTarget  5: 134217728 op, 617173337.73 ns, 4.5983 ns/op
IdleTarget  6: 134217728 op, 615404238.07 ns, 4.5851 ns/op
IdleTarget  7: 134217728 op, 622711637.66 ns, 4.6396 ns/op
IdleTarget  8: 134217728 op, 618409057.16 ns, 4.6075 ns/op
IdleTarget  9: 134217728 op, 615989721.51 ns, 4.5895 ns/op
IdleTarget 10: 134217728 op, 615970446.34 ns, 4.5893 ns/op
IdleTarget 11: 134217728 op, 617846161.82 ns, 4.6033 ns/op
IdleTarget 12: 134217728 op, 617554323.62 ns, 4.6011 ns/op
IdleTarget 13: 134217728 op, 616096638.50 ns, 4.5903 ns/op
IdleTarget 14: 134217728 op, 617964222.26 ns, 4.6042 ns/op
IdleTarget 15: 134217728 op, 613848068.85 ns, 4.5735 ns/op

MainWarmup  1: 134217728 op, 648811730.63 ns, 4.8340 ns/op
MainWarmup  2: 134217728 op, 651482245.91 ns, 4.8539 ns/op
MainWarmup  3: 134217728 op, 651017232.31 ns, 4.8505 ns/op
MainWarmup  4: 134217728 op, 651064817.90 ns, 4.8508 ns/op
MainWarmup  5: 134217728 op, 650996451.26 ns, 4.8503 ns/op
MainWarmup  6: 134217728 op, 654340995.32 ns, 4.8752 ns/op

// BeforeMainRun
MainTarget  1: 134217728 op, 652774586.16 ns, 4.8635 ns/op
MainTarget  2: 134217728 op, 656599503.72 ns, 4.8920 ns/op
MainTarget  3: 134217728 op, 654657228.66 ns, 4.8776 ns/op
MainTarget  4: 134217728 op, 652816148.26 ns, 4.8639 ns/op
MainTarget  5: 134217728 op, 652030082.52 ns, 4.8580 ns/op
MainTarget  6: 134217728 op, 652001772.11 ns, 4.8578 ns/op
MainTarget  7: 134217728 op, 650027271.36 ns, 4.8431 ns/op
MainTarget  8: 134217728 op, 653080278.39 ns, 4.8658 ns/op
MainTarget  9: 134217728 op, 651006992.37 ns, 4.8504 ns/op
MainTarget 10: 134217728 op, 650853995.67 ns, 4.8492 ns/op
MainTarget 11: 134217728 op, 649258974.93 ns, 4.8374 ns/op
MainTarget 12: 134217728 op, 651643675.50 ns, 4.8551 ns/op
MainTarget 13: 134217728 op, 651724089.12 ns, 4.8557 ns/op
MainTarget 14: 134217728 op, 652253252.91 ns, 4.8597 ns/op
MainTarget 15: 134217728 op, 655535453.82 ns, 4.8841 ns/op

// AfterMainRun
Result  1: 134217728 op, 35103587.50 ns, 0.2615 ns/op
Result  2: 134217728 op, 36986230.00 ns, 0.2756 ns/op
Result  3: 134217728 op, 35145149.60 ns, 0.2619 ns/op
Result  4: 134217728 op, 34359083.86 ns, 0.2560 ns/op
Result  5: 134217728 op, 34330773.45 ns, 0.2558 ns/op
Result  6: 134217728 op, 32356272.70 ns, 0.2411 ns/op
Result  7: 134217728 op, 35409279.73 ns, 0.2638 ns/op
Result  8: 134217728 op, 33335993.71 ns, 0.2484 ns/op
Result  9: 134217728 op, 33182997.01 ns, 0.2472 ns/op
Result 10: 134217728 op, 31587976.27 ns, 0.2353 ns/op
Result 11: 134217728 op, 33972676.84 ns, 0.2531 ns/op
Result 12: 134217728 op, 34053090.46 ns, 0.2537 ns/op
Result 13: 134217728 op, 34582254.25 ns, 0.2577 ns/op
Result 14: 134217728 op, 37864455.16 ns, 0.2821 ns/op
GC:  0 0 0 0 134217728

// AfterAll

Mean = 0.2567 ns, StdErr = 0.0033 ns (1.29%); N = 14, StdDev = 0.0124 ns
Min = 0.2353 ns, Q1 = 0.2484 ns, Median = 0.2559 ns, Q3 = 0.2619 ns, Max = 0.2821 ns
IQR = 0.0135 ns, LowerFence = 0.2282 ns, UpperFence = 0.2821 ns
ConfidenceInterval = [0.2427 ns; 0.2706 ns] (CI 99.9%), Margin = 0.0139 ns (5.43% of Mean)
Skewness = 0.34, Kurtosis = 2.54


// **************************
// Benchmark: MustNotBeNullReferenceWithParameterName.ReferenceV1: Clr(Runtime=Clr)
// *** Execute ***
// Launch: 1 / 1
// Execute: D:\Programming\Light.GuardClauses\Code\Light.GuardClauses.Performance\bin\Release\netcoreapp2.0\4f4a59db-8ace-405f-9561-ffe21261664c\bin\Release\net47\4f4a59db-8ace-405f-9561-ffe21261664c.exe diagnoserAttached
// BeforeAnythingElse

// Benchmark Process Environment Information:
// Runtime=.NET Framework 4.7 (CLR 4.0.30319.42000), 64bit RyuJIT-v4.7.2600.0
// GC=Concurrent Workstation
// Job: Clr(Runtime=Clr)

Pilot  1: 16 op, 179198.89 ns, 11.1999 us/op
Pilot  2: 32 op, 2710.57 ns, 84.7054 ns/op
Pilot  3: 64 op, 602.35 ns, 9.4117 ns/op
Pilot  4: 128 op, 903.52 ns, 7.0588 ns/op
Pilot  5: 256 op, 1807.05 ns, 7.0588 ns/op
Pilot  6: 512 op, 3011.75 ns, 5.8823 ns/op
Pilot  7: 1024 op, 5421.14 ns, 5.2941 ns/op
Pilot  8: 2048 op, 10239.94 ns, 5.0000 ns/op
Pilot  9: 4096 op, 24093.97 ns, 5.8823 ns/op
Pilot 10: 8192 op, 40357.40 ns, 4.9264 ns/op
Pilot 11: 16384 op, 80112.45 ns, 4.8897 ns/op
Pilot 12: 32768 op, 160526.07 ns, 4.8989 ns/op
Pilot 13: 65536 op, 333099.12 ns, 5.0827 ns/op
Pilot 14: 131072 op, 655054.78 ns, 4.9977 ns/op
Pilot 15: 262144 op, 1336612.92 ns, 5.0988 ns/op
Pilot 16: 524288 op, 2605160.39 ns, 4.9689 ns/op
Pilot 17: 1048576 op, 5150688.20 ns, 4.9121 ns/op
Pilot 18: 2097152 op, 10318242.18 ns, 4.9201 ns/op
Pilot 19: 4194304 op, 20605162.19 ns, 4.9127 ns/op
Pilot 20: 8388608 op, 40725132.09 ns, 4.8548 ns/op
Pilot 21: 16777216 op, 81931541.20 ns, 4.8835 ns/op
Pilot 22: 33554432 op, 161796723.40 ns, 4.8219 ns/op
Pilot 23: 67108864 op, 327546965.92 ns, 4.8808 ns/op
Pilot 24: 134217728 op, 657213598.76 ns, 4.8966 ns/op

IdleWarmup  1: 134217728 op, 622270718.03 ns, 4.6363 ns/op
IdleWarmup  2: 134217728 op, 619243913.19 ns, 4.6137 ns/op
IdleWarmup  3: 134217728 op, 617551010.70 ns, 4.6011 ns/op
IdleWarmup  4: 134217728 op, 616909809.95 ns, 4.5963 ns/op
IdleWarmup  5: 134217728 op, 618091317.95 ns, 4.6051 ns/op
IdleWarmup  6: 134217728 op, 615612952.07 ns, 4.5867 ns/op
IdleWarmup  7: 134217728 op, 615075355.39 ns, 4.5827 ns/op
IdleWarmup  8: 134217728 op, 618348822.24 ns, 4.6071 ns/op
IdleWarmup  9: 134217728 op, 616099047.90 ns, 4.5903 ns/op

IdleTarget  1: 134217728 op, 614775686.66 ns, 4.5804 ns/op
IdleTarget  2: 134217728 op, 616553520.38 ns, 4.5937 ns/op
IdleTarget  3: 134217728 op, 615475014.10 ns, 4.5856 ns/op
IdleTarget  4: 134217728 op, 617012510.49 ns, 4.5971 ns/op
IdleTarget  5: 134217728 op, 616364081.55 ns, 4.5923 ns/op
IdleTarget  6: 134217728 op, 624359665.13 ns, 4.6518 ns/op
IdleTarget  7: 134217728 op, 617859714.67 ns, 4.6034 ns/op
IdleTarget  8: 134217728 op, 616336674.66 ns, 4.5921 ns/op
IdleTarget  9: 134217728 op, 617478728.79 ns, 4.6006 ns/op
IdleTarget 10: 134217728 op, 616355046.32 ns, 4.5922 ns/op
IdleTarget 11: 134217728 op, 617351934.28 ns, 4.5996 ns/op
IdleTarget 12: 134217728 op, 615903886.75 ns, 4.5888 ns/op
IdleTarget 13: 134217728 op, 616421304.73 ns, 4.5927 ns/op
IdleTarget 14: 134217728 op, 618413875.96 ns, 4.6075 ns/op
IdleTarget 15: 134217728 op, 618260578.08 ns, 4.6064 ns/op

MainWarmup  1: 134217728 op, 652869456.17 ns, 4.8643 ns/op
MainWarmup  2: 134217728 op, 650838033.41 ns, 4.8491 ns/op
MainWarmup  3: 134217728 op, 654740955.20 ns, 4.8782 ns/op
MainWarmup  4: 134217728 op, 652534550.00 ns, 4.8618 ns/op
MainWarmup  5: 134217728 op, 652715254.77 ns, 4.8631 ns/op
MainWarmup  6: 134217728 op, 653240503.29 ns, 4.8670 ns/op
MainWarmup  7: 134217728 op, 653266103.13 ns, 4.8672 ns/op
MainWarmup  8: 134217728 op, 652807715.37 ns, 4.8638 ns/op

// BeforeMainRun
MainTarget  1: 134217728 op, 656185689.81 ns, 4.8890 ns/op
MainTarget  2: 134217728 op, 656452831.69 ns, 4.8910 ns/op
MainTarget  3: 134217728 op, 654522904.78 ns, 4.8766 ns/op
MainTarget  4: 134217728 op, 651293710.60 ns, 4.8525 ns/op
MainTarget  5: 134217728 op, 654576513.86 ns, 4.8770 ns/op
MainTarget  6: 134217728 op, 655506541.06 ns, 4.8839 ns/op
MainTarget  7: 134217728 op, 654385870.33 ns, 4.8756 ns/op
MainTarget  8: 134217728 op, 653207374.08 ns, 4.8668 ns/op
MainTarget  9: 134217728 op, 653933204.89 ns, 4.8722 ns/op
MainTarget 10: 134217728 op, 654781312.60 ns, 4.8785 ns/op
MainTarget 11: 134217728 op, 654066926.42 ns, 4.8732 ns/op
MainTarget 12: 134217728 op, 651306962.28 ns, 4.8526 ns/op
MainTarget 13: 134217728 op, 653810024.48 ns, 4.8713 ns/op
MainTarget 14: 134217728 op, 650104372.06 ns, 4.8437 ns/op
MainTarget 15: 134217728 op, 653534750.88 ns, 4.8692 ns/op

// AfterMainRun
Result  1: 134217728 op, 38924208.30 ns, 0.2900 ns/op
Result  2: 134217728 op, 39191350.18 ns, 0.2920 ns/op
Result  3: 134217728 op, 37261423.28 ns, 0.2776 ns/op
Result  4: 134217728 op, 34032229.10 ns, 0.2536 ns/op
Result  5: 134217728 op, 37315032.36 ns, 0.2780 ns/op
Result  6: 134217728 op, 38245059.56 ns, 0.2849 ns/op
Result  7: 134217728 op, 37124388.83 ns, 0.2766 ns/op
Result  8: 134217728 op, 35945892.58 ns, 0.2678 ns/op
Result  9: 134217728 op, 36671723.39 ns, 0.2732 ns/op
Result 10: 134217728 op, 37519831.09 ns, 0.2795 ns/op
Result 11: 134217728 op, 36805444.92 ns, 0.2742 ns/op
Result 12: 134217728 op, 34045480.78 ns, 0.2537 ns/op
Result 13: 134217728 op, 36548542.97 ns, 0.2723 ns/op
Result 14: 134217728 op, 36273269.38 ns, 0.2703 ns/op
GC:  0 0 0 0 134217728

// AfterAll

Mean = 0.2746 ns, StdErr = 0.0030 ns (1.10%); N = 14, StdDev = 0.0113 ns
Min = 0.2536 ns, Q1 = 0.2703 ns, Median = 0.2754 ns, Q3 = 0.2795 ns, Max = 0.2920 ns
IQR = 0.0093 ns, LowerFence = 0.2563 ns, UpperFence = 0.2935 ns
ConfidenceInterval = [0.2618 ns; 0.2873 ns] (CI 99.9%), Margin = 0.0127 ns (4.63% of Mean)
Skewness = -0.42, Kurtosis = 2.44


// **************************
// Benchmark: MustNotBeNullReferenceWithParameterName.ReferenceV2: Clr(Runtime=Clr)
// *** Execute ***
// Launch: 1 / 1
// Execute: D:\Programming\Light.GuardClauses\Code\Light.GuardClauses.Performance\bin\Release\netcoreapp2.0\827297ba-73cd-48ec-872e-94b8bf25c06f\bin\Release\net47\827297ba-73cd-48ec-872e-94b8bf25c06f.exe diagnoserAttached
// BeforeAnythingElse

// Benchmark Process Environment Information:
// Runtime=.NET Framework 4.7 (CLR 4.0.30319.42000), 64bit RyuJIT-v4.7.2600.0
// GC=Concurrent Workstation
// Job: Clr(Runtime=Clr)

Pilot  1: 16 op, 165947.21 ns, 10.3717 us/op
Pilot  2: 32 op, 2409.40 ns, 75.2937 ns/op
Pilot  3: 64 op, 602.35 ns, 9.4117 ns/op
Pilot  4: 128 op, 903.52 ns, 7.0588 ns/op
Pilot  5: 256 op, 1807.05 ns, 7.0588 ns/op
Pilot  6: 512 op, 3011.75 ns, 5.8823 ns/op
Pilot  7: 1024 op, 5421.14 ns, 5.2941 ns/op
Pilot  8: 2048 op, 10541.11 ns, 5.1470 ns/op
Pilot  9: 4096 op, 20479.87 ns, 5.0000 ns/op
Pilot 10: 8192 op, 40056.22 ns, 4.8897 ns/op
Pilot 11: 16384 op, 79811.27 ns, 4.8713 ns/op
Pilot 12: 32768 op, 159622.54 ns, 4.8713 ns/op
Pilot 13: 65536 op, 328280.33 ns, 5.0092 ns/op
Pilot 14: 131072 op, 637285.48 ns, 4.8621 ns/op
Pilot 15: 262144 op, 1283003.84 ns, 4.8943 ns/op
Pilot 16: 524288 op, 2599438.07 ns, 4.9580 ns/op
Pilot 17: 1048576 op, 5267242.77 ns, 5.0232 ns/op
Pilot 18: 2097152 op, 10361008.97 ns, 4.9405 ns/op
Pilot 19: 4194304 op, 20526555.62 ns, 4.8939 ns/op
Pilot 20: 8388608 op, 41036245.46 ns, 4.8919 ns/op
Pilot 21: 16777216 op, 81892087.33 ns, 4.8811 ns/op
Pilot 22: 33554432 op, 163484807.10 ns, 4.8722 ns/op
Pilot 23: 67108864 op, 326132951.12 ns, 4.8598 ns/op
Pilot 24: 134217728 op, 650491983.79 ns, 4.8465 ns/op

IdleWarmup  1: 134217728 op, 617258268.97 ns, 4.5989 ns/op
IdleWarmup  2: 134217728 op, 615892140.94 ns, 4.5888 ns/op
IdleWarmup  3: 134217728 op, 614615762.94 ns, 4.5792 ns/op
IdleWarmup  4: 134217728 op, 615506035.09 ns, 4.5859 ns/op
IdleWarmup  5: 134217728 op, 613853188.82 ns, 4.5736 ns/op
IdleWarmup  6: 134217728 op, 622451723.97 ns, 4.6376 ns/op
IdleWarmup  7: 134217728 op, 619804097.96 ns, 4.6179 ns/op

IdleTarget  1: 134217728 op, 614534144.62 ns, 4.5786 ns/op
IdleTarget  2: 134217728 op, 613187592.93 ns, 4.5686 ns/op
IdleTarget  3: 134217728 op, 613294509.92 ns, 4.5694 ns/op
IdleTarget  4: 134217728 op, 614793154.78 ns, 4.5806 ns/op
IdleTarget  5: 134217728 op, 614737738.65 ns, 4.5802 ns/op
IdleTarget  6: 134217728 op, 615051562.60 ns, 4.5825 ns/op
IdleTarget  7: 134217728 op, 613839635.96 ns, 4.5735 ns/op
IdleTarget  8: 134217728 op, 617928081.31 ns, 4.6039 ns/op
IdleTarget  9: 134217728 op, 614856702.63 ns, 4.5810 ns/op
IdleTarget 10: 134217728 op, 615148540.82 ns, 4.5832 ns/op
IdleTarget 11: 134217728 op, 612053971.70 ns, 4.5602 ns/op
IdleTarget 12: 134217728 op, 617938923.60 ns, 4.6040 ns/op
IdleTarget 13: 134217728 op, 617861822.90 ns, 4.6034 ns/op
IdleTarget 14: 134217728 op, 613682121.64 ns, 4.5723 ns/op
IdleTarget 15: 134217728 op, 613036403.28 ns, 4.5675 ns/op

MainWarmup  1: 134217728 op, 650854598.02 ns, 4.8492 ns/op
MainWarmup  2: 134217728 op, 651266604.89 ns, 4.8523 ns/op
MainWarmup  3: 134217728 op, 651658734.23 ns, 4.8552 ns/op
MainWarmup  4: 134217728 op, 648626207.07 ns, 4.8326 ns/op
MainWarmup  5: 134217728 op, 649985408.09 ns, 4.8428 ns/op
MainWarmup  6: 134217728 op, 654861726.22 ns, 4.8791 ns/op
MainWarmup  7: 134217728 op, 651276844.82 ns, 4.8524 ns/op

// BeforeMainRun
MainTarget  1: 134217728 op, 651911118.55 ns, 4.8571 ns/op
MainTarget  2: 134217728 op, 650400125.53 ns, 4.8459 ns/op
MainTarget  3: 134217728 op, 650288088.57 ns, 4.8450 ns/op
MainTarget  4: 134217728 op, 651993339.22 ns, 4.8577 ns/op
MainTarget  5: 134217728 op, 651120234.02 ns, 4.8512 ns/op
MainTarget  6: 134217728 op, 649753804.81 ns, 4.8410 ns/op
MainTarget  7: 134217728 op, 649372216.58 ns, 4.8382 ns/op
MainTarget  8: 134217728 op, 649323125.12 ns, 4.8378 ns/op
MainTarget  9: 134217728 op, 648932802.82 ns, 4.8349 ns/op
MainTarget 10: 134217728 op, 649639659.64 ns, 4.8402 ns/op
MainTarget 11: 134217728 op, 648082888.07 ns, 4.8286 ns/op
MainTarget 12: 134217728 op, 652653513.97 ns, 4.8626 ns/op
MainTarget 13: 134217728 op, 648931296.95 ns, 4.8349 ns/op
MainTarget 14: 134217728 op, 647863934.13 ns, 4.8270 ns/op
MainTarget 15: 134217728 op, 647813035.62 ns, 4.8266 ns/op

// AfterMainRun
Result  1: 134217728 op, 37114791.40 ns, 0.2765 ns/op
Result  2: 134217728 op, 35603798.37 ns, 0.2653 ns/op
Result  3: 134217728 op, 35491761.42 ns, 0.2644 ns/op
Result  4: 134217728 op, 37197012.07 ns, 0.2771 ns/op
Result  5: 134217728 op, 36323906.87 ns, 0.2706 ns/op
Result  6: 134217728 op, 34957477.66 ns, 0.2605 ns/op
Result  7: 134217728 op, 34575889.43 ns, 0.2576 ns/op
Result  8: 134217728 op, 34526797.96 ns, 0.2572 ns/op
Result  9: 134217728 op, 34136475.67 ns, 0.2543 ns/op
Result 10: 134217728 op, 34843332.48 ns, 0.2596 ns/op
Result 11: 134217728 op, 33286560.92 ns, 0.2480 ns/op
Result 12: 134217728 op, 37857186.81 ns, 0.2821 ns/op
Result 13: 134217728 op, 34134969.80 ns, 0.2543 ns/op
Result 14: 134217728 op, 33067606.97 ns, 0.2464 ns/op
Result 15: 134217728 op, 33016708.46 ns, 0.2460 ns/op
GC:  0 0 0 0 134217728

// AfterAll

Mean = 0.2613 ns, StdErr = 0.0029 ns (1.12%); N = 15, StdDev = 0.0113 ns
Min = 0.2460 ns, Q1 = 0.2543 ns, Median = 0.2596 ns, Q3 = 0.2706 ns, Max = 0.2821 ns
IQR = 0.0163 ns, LowerFence = 0.2299 ns, UpperFence = 0.2951 ns
ConfidenceInterval = [0.2492 ns; 0.2734 ns] (CI 99.9%), Margin = 0.0121 ns (4.63% of Mean)
Skewness = 0.33, Kurtosis = 1.83


// **************************
// Benchmark: MustNotBeNullReferenceWithParameterName.ValueTypeV1: Clr(Runtime=Clr)
// *** Execute ***
// Launch: 1 / 1
// Execute: D:\Programming\Light.GuardClauses\Code\Light.GuardClauses.Performance\bin\Release\netcoreapp2.0\04e95e7e-edb3-440b-89cf-2645b4c907a1\bin\Release\net47\04e95e7e-edb3-440b-89cf-2645b4c907a1.exe diagnoserAttached
// BeforeAnythingElse

// Benchmark Process Environment Information:
// Runtime=.NET Framework 4.7 (CLR 4.0.30319.42000), 64bit RyuJIT-v4.7.2600.0
// GC=Concurrent Workstation
// Job: Clr(Runtime=Clr)

Pilot  1: 16 op, 214135.15 ns, 13.3834 us/op
Pilot  2: 32 op, 2710.57 ns, 84.7054 ns/op
Pilot  3: 64 op, 602.35 ns, 9.4117 ns/op
Pilot  4: 128 op, 903.52 ns, 7.0588 ns/op
Pilot  5: 256 op, 903.52 ns, 3.5294 ns/op
Pilot  6: 512 op, 1505.87 ns, 2.9412 ns/op
Pilot  7: 1024 op, 2108.22 ns, 2.0588 ns/op
Pilot  8: 2048 op, 4216.44 ns, 2.0588 ns/op
Pilot  9: 4096 op, 8131.71 ns, 1.9853 ns/op
Pilot 10: 8192 op, 15962.25 ns, 1.9485 ns/op
Pilot 11: 16384 op, 31623.33 ns, 1.9301 ns/op
Pilot 12: 32768 op, 62644.32 ns, 1.9118 ns/op
Pilot 13: 65536 op, 124385.11 ns, 1.8980 ns/op
Pilot 14: 131072 op, 248469.05 ns, 1.8957 ns/op
Pilot 15: 262144 op, 500251.03 ns, 1.9083 ns/op
Pilot 16: 524288 op, 998996.19 ns, 1.9054 ns/op
Pilot 17: 1048576 op, 2038952.12 ns, 1.9445 ns/op
Pilot 18: 2097152 op, 4039655.06 ns, 1.9263 ns/op
Pilot 19: 4194304 op, 8050397.35 ns, 1.9194 ns/op
Pilot 20: 8388608 op, 16032729.25 ns, 1.9113 ns/op
Pilot 21: 16777216 op, 32596429.33 ns, 1.9429 ns/op
Pilot 22: 33554432 op, 63824020.06 ns, 1.9021 ns/op
Pilot 23: 67108864 op, 126751142.13 ns, 1.8887 ns/op
Pilot 24: 134217728 op, 252758985.32 ns, 1.8832 ns/op
Pilot 25: 268435456 op, 507187080.33 ns, 1.8894 ns/op

IdleWarmup  1: 268435456 op, 506844644.80 ns, 1.8881 ns/op
IdleWarmup  2: 268435456 op, 504533129.66 ns, 1.8795 ns/op
IdleWarmup  3: 268435456 op, 504756300.05 ns, 1.8804 ns/op
IdleWarmup  4: 268435456 op, 507280444.46 ns, 1.8898 ns/op
IdleWarmup  5: 268435456 op, 509068216.95 ns, 1.8964 ns/op
IdleWarmup  6: 268435456 op, 505152043.48 ns, 1.8818 ns/op
IdleWarmup  7: 268435456 op, 504004869.39 ns, 1.8776 ns/op
IdleWarmup  8: 268435456 op, 507622277.65 ns, 1.8910 ns/op
IdleWarmup  9: 268435456 op, 505929676.33 ns, 1.8847 ns/op

IdleTarget  1: 268435456 op, 503821454.05 ns, 1.8769 ns/op
IdleTarget  2: 268435456 op, 504262976.03 ns, 1.8785 ns/op
IdleTarget  3: 268435456 op, 504879781.64 ns, 1.8808 ns/op
IdleTarget  4: 268435456 op, 504735217.82 ns, 1.8803 ns/op
IdleTarget  5: 268435456 op, 507458137.48 ns, 1.8904 ns/op
IdleTarget  6: 268435456 op, 507272613.92 ns, 1.8897 ns/op
IdleTarget  7: 268435456 op, 511379430.92 ns, 1.9050 ns/op
IdleTarget  8: 268435456 op, 507331342.97 ns, 1.8900 ns/op
IdleTarget  9: 268435456 op, 505929375.16 ns, 1.8847 ns/op
IdleTarget 10: 268435456 op, 506860004.70 ns, 1.8882 ns/op
IdleTarget 11: 268435456 op, 506944935.94 ns, 1.8885 ns/op
IdleTarget 12: 268435456 op, 504801777.41 ns, 1.8805 ns/op
IdleTarget 13: 268435456 op, 504554211.88 ns, 1.8796 ns/op
IdleTarget 14: 268435456 op, 505495683.72 ns, 1.8831 ns/op
IdleTarget 15: 268435456 op, 509707610.65 ns, 1.8988 ns/op

MainWarmup  1: 268435456 op, 506436553.20 ns, 1.8866 ns/op
MainWarmup  2: 268435456 op, 514844745.99 ns, 1.9179 ns/op
MainWarmup  3: 268435456 op, 507194609.70 ns, 1.8894 ns/op
MainWarmup  4: 268435456 op, 505916424.65 ns, 1.8847 ns/op
MainWarmup  5: 268435456 op, 507875565.49 ns, 1.8920 ns/op
MainWarmup  6: 268435456 op, 506493776.38 ns, 1.8868 ns/op

// BeforeMainRun
MainTarget  1: 268435456 op, 506574792.35 ns, 1.8871 ns/op
MainTarget  2: 268435456 op, 505554111.59 ns, 1.8833 ns/op
MainTarget  3: 268435456 op, 508183968.29 ns, 1.8931 ns/op
MainTarget  4: 268435456 op, 511472192.70 ns, 1.9054 ns/op
MainTarget  5: 268435456 op, 506135980.94 ns, 1.8855 ns/op
MainTarget  6: 268435456 op, 513594871.36 ns, 1.9133 ns/op
MainTarget  7: 268435456 op, 508667955.89 ns, 1.8949 ns/op
MainTarget  8: 268435456 op, 507140699.44 ns, 1.8892 ns/op
MainTarget  9: 268435456 op, 505591156.07 ns, 1.8835 ns/op
MainTarget 10: 268435456 op, 506835910.74 ns, 1.8881 ns/op
MainTarget 11: 268435456 op, 506969331.09 ns, 1.8886 ns/op
MainTarget 12: 268435456 op, 508456531.32 ns, 1.8941 ns/op
MainTarget 13: 268435456 op, 508309859.28 ns, 1.8936 ns/op
MainTarget 14: 268435456 op, 507007279.09 ns, 1.8887 ns/op
MainTarget 15: 268435456 op, 507801777.71 ns, 1.8917 ns/op

// AfterMainRun
Result  1: 268435456 op, 212488.73 ns, 0.0008 ns/op
Result  2: 268435456 op, 0.00 ns, 0.0000 ns/op
Result  3: 268435456 op, 1821664.67 ns, 0.0068 ns/op
Result  4: 268435456 op, 0.00 ns, 0.0000 ns/op
Result  5: 268435456 op, 2305652.27 ns, 0.0086 ns/op
Result  6: 268435456 op, 778395.82 ns, 0.0029 ns/op
Result  7: 268435456 op, 0.00 ns, 0.0000 ns/op
Result  8: 268435456 op, 473607.12 ns, 0.0018 ns/op
Result  9: 268435456 op, 607027.47 ns, 0.0023 ns/op
Result 10: 268435456 op, 2094227.70 ns, 0.0078 ns/op
Result 11: 268435456 op, 1947555.66 ns, 0.0073 ns/op
Result 12: 268435456 op, 644975.47 ns, 0.0024 ns/op
Result 13: 268435456 op, 1439474.09 ns, 0.0054 ns/op
GC:  0 0 0 0 268435456

// AfterAll

Mean = 0.0035 ns, StdErr = 0.0009 ns (25.14%); N = 13, StdDev = 0.0032 ns
Min = 0.0000 ns, Q1 = 0.0004 ns, Median = 0.0024 ns, Q3 = 0.0070 ns, Max = 0.0086 ns
IQR = 0.0066 ns, LowerFence = -0.0095 ns, UpperFence = 0.0170 ns
ConfidenceInterval = [-0.0003 ns; 0.0074 ns] (CI 99.9%), Margin = 0.0038 ns (108.54% of Mean)
Skewness = 0.32, Kurtosis = 1.35


// **************************
// Benchmark: MustNotBeNullReferenceWithParameterName.ValueTypeV2: Clr(Runtime=Clr)
// *** Execute ***
// Launch: 1 / 1
// Execute: D:\Programming\Light.GuardClauses\Code\Light.GuardClauses.Performance\bin\Release\netcoreapp2.0\c66ef494-3f18-4943-a1e0-339e533cac95\bin\Release\net47\c66ef494-3f18-4943-a1e0-339e533cac95.exe diagnoserAttached
// BeforeAnythingElse

// Benchmark Process Environment Information:
// Runtime=.NET Framework 4.7 (CLR 4.0.30319.42000), 64bit RyuJIT-v4.7.2600.0
// GC=Concurrent Workstation
// Job: Clr(Runtime=Clr)

Pilot  1: 16 op, 167151.91 ns, 10.4470 us/op
Pilot  2: 32 op, 2108.22 ns, 65.8819 ns/op
Pilot  3: 64 op, 301.17 ns, 4.7059 ns/op
Pilot  4: 128 op, 602.35 ns, 4.7059 ns/op
Pilot  5: 256 op, 903.52 ns, 3.5294 ns/op
Pilot  6: 512 op, 1505.87 ns, 2.9412 ns/op
Pilot  7: 1024 op, 2409.40 ns, 2.3529 ns/op
Pilot  8: 2048 op, 4216.44 ns, 2.0588 ns/op
Pilot  9: 4096 op, 8131.71 ns, 1.9853 ns/op
Pilot 10: 8192 op, 15661.08 ns, 1.9118 ns/op
Pilot 11: 16384 op, 31322.16 ns, 1.9118 ns/op
Pilot 12: 32768 op, 69571.34 ns, 2.1231 ns/op
Pilot 13: 65536 op, 124385.11 ns, 1.8980 ns/op
Pilot 14: 131072 op, 252384.32 ns, 1.9255 ns/op
Pilot 15: 262144 op, 502961.60 ns, 1.9186 ns/op
Pilot 16: 524288 op, 998996.19 ns, 1.9054 ns/op
Pilot 17: 1048576 op, 1996486.50 ns, 1.9040 ns/op
Pilot 18: 2097152 op, 4266439.54 ns, 2.0344 ns/op
Pilot 19: 4194304 op, 8322358.03 ns, 1.9842 ns/op
Pilot 20: 8388608 op, 16075194.87 ns, 1.9163 ns/op
Pilot 21: 16777216 op, 32064856.15 ns, 1.9112 ns/op
Pilot 22: 33554432 op, 64375771.95 ns, 1.9185 ns/op
Pilot 23: 67108864 op, 126889682.45 ns, 1.8908 ns/op
Pilot 24: 134217728 op, 253909472.33 ns, 1.8918 ns/op
Pilot 25: 268435456 op, 508043319.75 ns, 1.8926 ns/op

IdleWarmup  1: 268435456 op, 508126142.77 ns, 1.8929 ns/op
IdleWarmup  2: 268435456 op, 505797460.68 ns, 1.8842 ns/op
IdleWarmup  3: 268435456 op, 505393886.70 ns, 1.8827 ns/op
IdleWarmup  4: 268435456 op, 504861409.99 ns, 1.8808 ns/op
IdleWarmup  5: 268435456 op, 524317892.21 ns, 1.9532 ns/op
IdleWarmup  6: 268435456 op, 510237979.14 ns, 1.9008 ns/op
IdleWarmup  7: 268435456 op, 509075143.97 ns, 1.8965 ns/op
IdleWarmup  8: 268435456 op, 507105763.19 ns, 1.8891 ns/op
IdleWarmup  9: 268435456 op, 507702088.92 ns, 1.8913 ns/op
IdleWarmup 10: 268435456 op, 510194911.17 ns, 1.9006 ns/op

IdleTarget  1: 268435456 op, 518208866.40 ns, 1.9305 ns/op
IdleTarget  2: 268435456 op, 510549694.86 ns, 1.9019 ns/op
IdleTarget  3: 268435456 op, 511288476.19 ns, 1.9047 ns/op
IdleTarget  4: 268435456 op, 511289982.06 ns, 1.9047 ns/op
IdleTarget  5: 268435456 op, 507638541.07 ns, 1.8911 ns/op
IdleTarget  6: 268435456 op, 507336764.11 ns, 1.8900 ns/op
IdleTarget  7: 268435456 op, 507990915.37 ns, 1.8924 ns/op
IdleTarget  8: 268435456 op, 509189891.50 ns, 1.8969 ns/op
IdleTarget  9: 268435456 op, 510663237.69 ns, 1.9024 ns/op
IdleTarget 10: 268435456 op, 508447194.90 ns, 1.8941 ns/op
IdleTarget 11: 268435456 op, 508015912.86 ns, 1.8925 ns/op
IdleTarget 12: 268435456 op, 509166701.05 ns, 1.8968 ns/op
IdleTarget 13: 268435456 op, 511183366.25 ns, 1.9043 ns/op
IdleTarget 14: 268435456 op, 508870646.41 ns, 1.8957 ns/op
IdleTarget 15: 268435456 op, 513058178.20 ns, 1.9113 ns/op

MainWarmup  1: 268435456 op, 509888917.77 ns, 1.8995 ns/op
MainWarmup  2: 268435456 op, 514579411.16 ns, 1.9170 ns/op
MainWarmup  3: 268435456 op, 510337667.94 ns, 1.9012 ns/op
MainWarmup  4: 268435456 op, 512974150.48 ns, 1.9110 ns/op
MainWarmup  5: 268435456 op, 508485142.91 ns, 1.8943 ns/op
MainWarmup  6: 268435456 op, 509988606.56 ns, 1.8999 ns/op

// BeforeMainRun
MainTarget  1: 268435456 op, 506236272.08 ns, 1.8859 ns/op
MainTarget  2: 268435456 op, 508728190.82 ns, 1.8952 ns/op
MainTarget  3: 268435456 op, 514558328.94 ns, 1.9169 ns/op
MainTarget  4: 268435456 op, 508713734.44 ns, 1.8951 ns/op
MainTarget  5: 268435456 op, 514381238.27 ns, 1.9162 ns/op
MainTarget  6: 268435456 op, 506682311.68 ns, 1.8875 ns/op
MainTarget  7: 268435456 op, 508909196.76 ns, 1.8958 ns/op
MainTarget  8: 268435456 op, 507231654.17 ns, 1.8896 ns/op
MainTarget  9: 268435456 op, 514163790.20 ns, 1.9154 ns/op
MainTarget 10: 268435456 op, 508648981.89 ns, 1.8949 ns/op
MainTarget 11: 268435456 op, 512073638.40 ns, 1.9076 ns/op
MainTarget 12: 268435456 op, 508352324.90 ns, 1.8938 ns/op
MainTarget 13: 268435456 op, 512404930.47 ns, 1.9089 ns/op
MainTarget 14: 268435456 op, 509758810.34 ns, 1.8990 ns/op
MainTarget 15: 268435456 op, 509787723.10 ns, 1.8991 ns/op

// AfterMainRun
Result  1: 268435456 op, 0.00 ns, 0.0000 ns/op
Result  2: 268435456 op, 0.00 ns, 0.0000 ns/op
Result  3: 268435456 op, 4365104.34 ns, 0.0163 ns/op
Result  4: 268435456 op, 0.00 ns, 0.0000 ns/op
Result  5: 268435456 op, 4188013.67 ns, 0.0156 ns/op
Result  6: 268435456 op, 0.00 ns, 0.0000 ns/op
Result  7: 268435456 op, 0.00 ns, 0.0000 ns/op
Result  8: 268435456 op, 0.00 ns, 0.0000 ns/op
Result  9: 268435456 op, 3970565.60 ns, 0.0148 ns/op
Result 10: 268435456 op, 0.00 ns, 0.0000 ns/op
Result 11: 268435456 op, 1880413.80 ns, 0.0070 ns/op
Result 12: 268435456 op, 0.00 ns, 0.0000 ns/op
Result 13: 268435456 op, 2211705.87 ns, 0.0082 ns/op
Result 14: 268435456 op, 0.00 ns, 0.0000 ns/op
Result 15: 268435456 op, 0.00 ns, 0.0000 ns/op
GC:  0 0 0 0 268435456

// AfterAll

Mean = 0.0041 ns, StdErr = 0.0017 ns (40.56%); N = 15, StdDev = 0.0065 ns
Min = 0.0000 ns, Q1 = 0.0000 ns, Median = 0.0000 ns, Q3 = 0.0082 ns, Max = 0.0163 ns
IQR = 0.0082 ns, LowerFence = -0.0124 ns, UpperFence = 0.0206 ns
ConfidenceInterval = [-0.0028 ns; 0.0111 ns] (CI 99.9%), Margin = 0.0069 ns (167.92% of Mean)
Skewness = 0.96, Kurtosis = 2.09


// **************************
// Benchmark: MustNotBeNullReferenceWithParameterName.BaseValueType: Core(Runtime=Core)
// *** Execute ***
// Launch: 1 / 1
// BeforeAnythingElse

// Benchmark Process Environment Information:
// Runtime=.NET Core 2.0.5 (Framework 4.6.26020.03), 64bit RyuJIT
// GC=Concurrent Workstation
// Job: Core(Runtime=Core)

Pilot  1: 16 op, 177090.67 ns, 11.0682 us/op
Pilot  2: 32 op, 1505.87 ns, 47.0585 ns/op
Pilot  3: 64 op, 301.17 ns, 4.7059 ns/op
Pilot  4: 128 op, 602.35 ns, 4.7059 ns/op
Pilot  5: 256 op, 903.52 ns, 3.5294 ns/op
Pilot  6: 512 op, 1204.70 ns, 2.3529 ns/op
Pilot  7: 1024 op, 2108.22 ns, 2.0588 ns/op
Pilot  8: 2048 op, 4216.44 ns, 2.0588 ns/op
Pilot  9: 4096 op, 8131.71 ns, 1.9853 ns/op
Pilot 10: 8192 op, 15962.25 ns, 1.9485 ns/op
Pilot 11: 16384 op, 31623.33 ns, 1.9301 ns/op
Pilot 12: 32768 op, 62945.49 ns, 1.9209 ns/op
Pilot 13: 65536 op, 125589.81 ns, 1.9163 ns/op
Pilot 14: 131072 op, 254191.37 ns, 1.9393 ns/op
Pilot 15: 262144 op, 507479.22 ns, 1.9359 ns/op
Pilot 16: 524288 op, 1018873.71 ns, 1.9433 ns/op
Pilot 17: 1048576 op, 2060335.51 ns, 1.9649 ns/op
Pilot 18: 2097152 op, 4581167.01 ns, 2.1845 ns/op
Pilot 19: 4194304 op, 8434997.33 ns, 2.0111 ns/op
Pilot 20: 8388608 op, 16371550.68 ns, 1.9516 ns/op
Pilot 21: 16777216 op, 32073289.03 ns, 1.9117 ns/op
Pilot 22: 33554432 op, 64079416.13 ns, 1.9097 ns/op
Pilot 23: 67108864 op, 127061954.33 ns, 1.8934 ns/op
Pilot 24: 134217728 op, 253204121.39 ns, 1.8865 ns/op
Pilot 25: 268435456 op, 511553208.67 ns, 1.9057 ns/op

IdleWarmup  1: 268435456 op, 511643259.88 ns, 1.9060 ns/op
IdleWarmup  2: 268435456 op, 509944333.90 ns, 1.8997 ns/op
IdleWarmup  3: 268435456 op, 510914718.49 ns, 1.9033 ns/op
IdleWarmup  4: 268435456 op, 513765035.01 ns, 1.9139 ns/op
IdleWarmup  5: 268435456 op, 510106667.01 ns, 1.9003 ns/op
IdleWarmup  6: 268435456 op, 510837316.62 ns, 1.9030 ns/op
IdleWarmup  7: 268435456 op, 512257354.91 ns, 1.9083 ns/op
IdleWarmup  8: 268435456 op, 512618463.27 ns, 1.9097 ns/op
IdleWarmup  9: 268435456 op, 508949855.33 ns, 1.8960 ns/op

IdleTarget  1: 268435456 op, 509774471.42 ns, 1.8991 ns/op
IdleTarget  2: 268435456 op, 509252234.64 ns, 1.8971 ns/op
IdleTarget  3: 268435456 op, 515372102.74 ns, 1.9199 ns/op
IdleTarget  4: 268435456 op, 510474100.04 ns, 1.9017 ns/op
IdleTarget  5: 268435456 op, 510387964.10 ns, 1.9013 ns/op
IdleTarget  6: 268435456 op, 508945638.89 ns, 1.8960 ns/op
IdleTarget  7: 268435456 op, 511645669.27 ns, 1.9060 ns/op
IdleTarget  8: 268435456 op, 512465165.39 ns, 1.9091 ns/op
IdleTarget  9: 268435456 op, 511754393.31 ns, 1.9064 ns/op
IdleTarget 10: 268435456 op, 510210271.08 ns, 1.9007 ns/op
IdleTarget 11: 268435456 op, 510655105.98 ns, 1.9023 ns/op
IdleTarget 12: 268435456 op, 508754995.36 ns, 1.8953 ns/op
IdleTarget 13: 268435456 op, 509117609.59 ns, 1.8966 ns/op
IdleTarget 14: 268435456 op, 513057877.03 ns, 1.9113 ns/op
IdleTarget 15: 268435456 op, 511717348.83 ns, 1.9063 ns/op

MainWarmup  1: 268435456 op, 509622077.06 ns, 1.8985 ns/op
MainWarmup  2: 268435456 op, 510311164.57 ns, 1.9011 ns/op
MainWarmup  3: 268435456 op, 509092913.27 ns, 1.8965 ns/op
MainWarmup  4: 268435456 op, 510427719.15 ns, 1.9015 ns/op
MainWarmup  5: 268435456 op, 517809508.87 ns, 1.9290 ns/op
MainWarmup  6: 268435456 op, 516809006.81 ns, 1.9253 ns/op

// BeforeMainRun
MainTarget  1: 268435456 op, 511951060.33 ns, 1.9072 ns/op
MainTarget  2: 268435456 op, 510118714.00 ns, 1.9003 ns/op
MainTarget  3: 268435456 op, 510371700.67 ns, 1.9013 ns/op
MainTarget  4: 268435456 op, 510004568.82 ns, 1.8999 ns/op
MainTarget  5: 268435456 op, 512607620.98 ns, 1.9096 ns/op
MainTarget  6: 268435456 op, 510511746.86 ns, 1.9018 ns/op
MainTarget  7: 268435456 op, 511277031.55 ns, 1.9047 ns/op
MainTarget  8: 268435456 op, 514021334.61 ns, 1.9149 ns/op
MainTarget  9: 268435456 op, 513819246.44 ns, 1.9141 ns/op
MainTarget 10: 268435456 op, 509739535.16 ns, 1.8989 ns/op
MainTarget 11: 268435456 op, 510715340.90 ns, 1.9026 ns/op
MainTarget 12: 268435456 op, 513147325.89 ns, 1.9116 ns/op
MainTarget 13: 268435456 op, 510661129.47 ns, 1.9024 ns/op
MainTarget 14: 268435456 op, 510019025.20 ns, 1.9000 ns/op
MainTarget 15: 268435456 op, 510878577.54 ns, 1.9032 ns/op

// AfterMainRun
Result  1: 268435456 op, 1045397.15 ns, 0.0039 ns/op
Result  2: 268435456 op, 0.00 ns, 0.0000 ns/op
Result  3: 268435456 op, 0.00 ns, 0.0000 ns/op
Result  4: 268435456 op, 0.00 ns, 0.0000 ns/op
Result  5: 268435456 op, 1701957.81 ns, 0.0063 ns/op
Result  6: 268435456 op, 0.00 ns, 0.0000 ns/op
Result  7: 268435456 op, 371368.37 ns, 0.0014 ns/op
Result  8: 268435456 op, 3115671.43 ns, 0.0116 ns/op
Result  9: 268435456 op, 2913583.27 ns, 0.0109 ns/op
Result 10: 268435456 op, 0.00 ns, 0.0000 ns/op
Result 11: 268435456 op, 0.00 ns, 0.0000 ns/op
Result 12: 268435456 op, 2241662.71 ns, 0.0084 ns/op
Result 13: 268435456 op, 0.00 ns, 0.0000 ns/op
Result 14: 268435456 op, 0.00 ns, 0.0000 ns/op
Result 15: 268435456 op, 0.00 ns, 0.0000 ns/op
GC:  0 0 0 0 268435456

// AfterAll

Mean = 0.0028 ns, StdErr = 0.0011 ns (39.30%); N = 15, StdDev = 0.0043 ns
Min = 0.0000 ns, Q1 = 0.0000 ns, Median = 0.0000 ns, Q3 = 0.0063 ns, Max = 0.0116 ns
IQR = 0.0063 ns, LowerFence = -0.0095 ns, UpperFence = 0.0159 ns
ConfidenceInterval = [-0.0018 ns; 0.0074 ns] (CI 99.9%), Margin = 0.0046 ns (162.72% of Mean)
Skewness = 1, Kurtosis = 2.28


// **************************
// Benchmark: MustNotBeNullReferenceWithParameterName.BaseReference: Core(Runtime=Core)
// *** Execute ***
// Launch: 1 / 1
// BeforeAnythingElse

// Benchmark Process Environment Information:
// Runtime=.NET Core 2.0.5 (Framework 4.6.26020.03), 64bit RyuJIT
// GC=Concurrent Workstation
// Job: Core(Runtime=Core)

Pilot  1: 16 op, 196667.02 ns, 12.2917 us/op
Pilot  2: 32 op, 2710.57 ns, 84.7054 ns/op
Pilot  3: 64 op, 903.52 ns, 14.1176 ns/op
Pilot  4: 128 op, 1204.70 ns, 9.4117 ns/op
Pilot  5: 256 op, 1807.05 ns, 7.0588 ns/op
Pilot  6: 512 op, 3312.92 ns, 6.4705 ns/op
Pilot  7: 1024 op, 6625.84 ns, 6.4705 ns/op
Pilot  8: 2048 op, 12649.33 ns, 6.1764 ns/op
Pilot  9: 4096 op, 24997.49 ns, 6.1029 ns/op
Pilot 10: 8192 op, 49693.81 ns, 6.0661 ns/op
Pilot 11: 16384 op, 98785.27 ns, 6.0294 ns/op
Pilot 12: 32768 op, 197871.72 ns, 6.0386 ns/op
Pilot 13: 65536 op, 394839.92 ns, 6.0248 ns/op
Pilot 14: 131072 op, 806846.78 ns, 6.1558 ns/op
Pilot 15: 262144 op, 1620921.76 ns, 6.1833 ns/op
Pilot 16: 524288 op, 3229495.35 ns, 6.1598 ns/op
Pilot 17: 1048576 op, 6403574.58 ns, 6.1069 ns/op
Pilot 18: 2097152 op, 12754744.78 ns, 6.0819 ns/op
Pilot 19: 4194304 op, 25699229.57 ns, 6.1272 ns/op
Pilot 20: 8388608 op, 50996692.20 ns, 6.0793 ns/op
Pilot 21: 16777216 op, 100225790.61 ns, 5.9739 ns/op
Pilot 22: 33554432 op, 201914988.65 ns, 6.0175 ns/op
Pilot 23: 67108864 op, 404682000.27 ns, 6.0302 ns/op
Pilot 24: 134217728 op, 809040539.01 ns, 6.0278 ns/op

IdleWarmup  1: 134217728 op, 616337879.36 ns, 4.5921 ns/op
IdleWarmup  2: 134217728 op, 625083387.72 ns, 4.6572 ns/op
IdleWarmup  3: 134217728 op, 616043029.42 ns, 4.5899 ns/op
IdleWarmup  4: 134217728 op, 624939426.26 ns, 4.6562 ns/op
IdleWarmup  5: 134217728 op, 623864232.89 ns, 4.6482 ns/op
IdleWarmup  6: 134217728 op, 621031685.68 ns, 4.6270 ns/op

IdleTarget  1: 134217728 op, 615521394.99 ns, 4.5860 ns/op
IdleTarget  2: 134217728 op, 616797170.65 ns, 4.5955 ns/op
IdleTarget  3: 134217728 op, 616503826.57 ns, 4.5933 ns/op
IdleTarget  4: 134217728 op, 614408554.80 ns, 4.5777 ns/op
IdleTarget  5: 134217728 op, 614496196.62 ns, 4.5784 ns/op
IdleTarget  6: 134217728 op, 616022549.55 ns, 4.5897 ns/op
IdleTarget  7: 134217728 op, 621226846.83 ns, 4.6285 ns/op
IdleTarget  8: 134217728 op, 617955187.02 ns, 4.6041 ns/op
IdleTarget  9: 134217728 op, 617182372.97 ns, 4.5984 ns/op
IdleTarget 10: 134217728 op, 614494389.57 ns, 4.5783 ns/op
IdleTarget 11: 134217728 op, 621481038.20 ns, 4.6304 ns/op
IdleTarget 12: 134217728 op, 621347316.67 ns, 4.6294 ns/op
IdleTarget 13: 134217728 op, 620993436.50 ns, 4.6268 ns/op
IdleTarget 14: 134217728 op, 616316797.14 ns, 4.5919 ns/op
IdleTarget 15: 134217728 op, 617535048.44 ns, 4.6010 ns/op

MainWarmup  1: 134217728 op, 805385785.10 ns, 6.0006 ns/op
MainWarmup  2: 134217728 op, 806120952.33 ns, 6.0061 ns/op
MainWarmup  3: 134217728 op, 804379861.90 ns, 5.9931 ns/op
MainWarmup  4: 134217728 op, 805886939.65 ns, 6.0043 ns/op
MainWarmup  5: 134217728 op, 805760446.32 ns, 6.0034 ns/op
MainWarmup  6: 134217728 op, 808275555.49 ns, 6.0221 ns/op

// BeforeMainRun
MainTarget  1: 134217728 op, 810041643.41 ns, 6.0353 ns/op
MainTarget  2: 134217728 op, 808768578.33 ns, 6.0258 ns/op
MainTarget  3: 134217728 op, 814708042.84 ns, 6.0700 ns/op
MainTarget  4: 134217728 op, 808486377.72 ns, 6.0237 ns/op
MainTarget  5: 134217728 op, 808788154.68 ns, 6.0259 ns/op
MainTarget  6: 134217728 op, 814610462.26 ns, 6.0693 ns/op
MainTarget  7: 134217728 op, 807945769.29 ns, 6.0197 ns/op
MainTarget  8: 134217728 op, 803045357.20 ns, 5.9832 ns/op
MainTarget  9: 134217728 op, 803461580.51 ns, 5.9863 ns/op
MainTarget 10: 134217728 op, 805249051.83 ns, 5.9996 ns/op
MainTarget 11: 134217728 op, 804706937.53 ns, 5.9955 ns/op
MainTarget 12: 134217728 op, 805080695.22 ns, 5.9983 ns/op
MainTarget 13: 134217728 op, 804056400.37 ns, 5.9907 ns/op
MainTarget 14: 134217728 op, 805091537.51 ns, 5.9984 ns/op
MainTarget 15: 134217728 op, 805093645.73 ns, 5.9984 ns/op

// AfterMainRun
Result  1: 134217728 op, 192556168.31 ns, 1.4347 ns/op
Result  2: 134217728 op, 191283103.23 ns, 1.4252 ns/op
Result  3: 134217728 op, 197222567.74 ns, 1.4694 ns/op
Result  4: 134217728 op, 191000902.62 ns, 1.4231 ns/op
Result  5: 134217728 op, 191302679.58 ns, 1.4253 ns/op
Result  6: 134217728 op, 197124987.16 ns, 1.4687 ns/op
Result  7: 134217728 op, 190460294.19 ns, 1.4190 ns/op
Result  8: 134217728 op, 185559882.10 ns, 1.3825 ns/op
Result  9: 134217728 op, 185976105.41 ns, 1.3856 ns/op
Result 10: 134217728 op, 187763576.73 ns, 1.3989 ns/op
Result 11: 134217728 op, 187221462.43 ns, 1.3949 ns/op
Result 12: 134217728 op, 187595220.12 ns, 1.3977 ns/op
Result 13: 134217728 op, 186570925.27 ns, 1.3901 ns/op
Result 14: 134217728 op, 187606062.40 ns, 1.3978 ns/op
Result 15: 134217728 op, 187608170.63 ns, 1.3978 ns/op
GC:  0 0 0 0 134217728

// AfterAll

Mean = 1.4140 ns, StdErr = 0.0071 ns (0.50%); N = 15, StdDev = 0.0275 ns
Min = 1.3825 ns, Q1 = 1.3949 ns, Median = 1.3989 ns, Q3 = 1.4253 ns, Max = 1.4694 ns
IQR = 0.0304 ns, LowerFence = 1.3493 ns, UpperFence = 1.4709 ns
ConfidenceInterval = [1.3846 ns; 1.4435 ns] (CI 99.9%), Margin = 0.0294 ns (2.08% of Mean)
Skewness = 0.81, Kurtosis = 2.43


// **************************
// Benchmark: MustNotBeNullReferenceWithParameterName.ReferenceV1: Core(Runtime=Core)
// *** Execute ***
// Launch: 1 / 1
// BeforeAnythingElse

// Benchmark Process Environment Information:
// Runtime=.NET Core 2.0.5 (Framework 4.6.26020.03), 64bit RyuJIT
// GC=Concurrent Workstation
// Job: Core(Runtime=Core)

Pilot  1: 16 op, 182812.99 ns, 11.4258 us/op
Pilot  2: 32 op, 2108.22 ns, 65.8819 ns/op
Pilot  3: 64 op, 903.52 ns, 14.1176 ns/op
Pilot  4: 128 op, 1505.87 ns, 11.7646 ns/op
Pilot  5: 256 op, 2108.22 ns, 8.2352 ns/op
Pilot  6: 512 op, 3312.92 ns, 6.4705 ns/op
Pilot  7: 1024 op, 6625.84 ns, 6.4705 ns/op
Pilot  8: 2048 op, 12649.33 ns, 6.1764 ns/op
Pilot  9: 4096 op, 24997.49 ns, 6.1029 ns/op
Pilot 10: 8192 op, 49693.81 ns, 6.0661 ns/op
Pilot 11: 16384 op, 99086.45 ns, 6.0478 ns/op
Pilot 12: 32768 op, 197871.72 ns, 6.0386 ns/op
Pilot 13: 65536 op, 488806.39 ns, 7.4586 ns/op
Pilot 14: 131072 op, 831543.10 ns, 6.3442 ns/op
Pilot 15: 262144 op, 1595623.09 ns, 6.0868 ns/op
Pilot 16: 524288 op, 4004417.63 ns, 7.6378 ns/op
Pilot 17: 1048576 op, 6944183.01 ns, 6.6225 ns/op
Pilot 18: 2097152 op, 12706255.67 ns, 6.0588 ns/op
Pilot 19: 4194304 op, 25591107.88 ns, 6.1014 ns/op
Pilot 20: 8388608 op, 50747018.45 ns, 6.0495 ns/op
Pilot 21: 16777216 op, 100488113.69 ns, 5.9896 ns/op
Pilot 22: 33554432 op, 200714205.47 ns, 5.9817 ns/op
Pilot 23: 67108864 op, 402729184.09 ns, 6.0011 ns/op
Pilot 24: 134217728 op, 807171449.37 ns, 6.0139 ns/op

IdleWarmup  1: 134217728 op, 612657826.79 ns, 4.5647 ns/op
IdleWarmup  2: 134217728 op, 613808313.80 ns, 4.5732 ns/op
IdleWarmup  3: 134217728 op, 635184181.83 ns, 4.7325 ns/op
IdleWarmup  4: 134217728 op, 637735130.78 ns, 4.7515 ns/op
IdleWarmup  5: 134217728 op, 614970847.80 ns, 4.5819 ns/op
IdleWarmup  6: 134217728 op, 621738542.49 ns, 4.6323 ns/op
IdleWarmup  7: 134217728 op, 613809518.50 ns, 4.5732 ns/op

IdleTarget  1: 134217728 op, 612601507.14 ns, 4.5642 ns/op
IdleTarget  2: 134217728 op, 611463970.63 ns, 4.5558 ns/op
IdleTarget  3: 134217728 op, 612275033.86 ns, 4.5618 ns/op
IdleTarget  4: 134217728 op, 611670576.42 ns, 4.5573 ns/op
IdleTarget  5: 134217728 op, 612858710.26 ns, 4.5662 ns/op
IdleTarget  6: 134217728 op, 612141613.51 ns, 4.5608 ns/op
IdleTarget  7: 134217728 op, 614637748.68 ns, 4.5794 ns/op
IdleTarget  8: 134217728 op, 615482844.64 ns, 4.5857 ns/op
IdleTarget  9: 134217728 op, 612043129.41 ns, 4.5601 ns/op
IdleTarget 10: 134217728 op, 614154664.61 ns, 4.5758 ns/op
IdleTarget 11: 134217728 op, 612976770.70 ns, 4.5670 ns/op
IdleTarget 12: 134217728 op, 612291899.64 ns, 4.5619 ns/op
IdleTarget 13: 134217728 op, 614380846.74 ns, 4.5775 ns/op
IdleTarget 14: 134217728 op, 611214296.88 ns, 4.5539 ns/op
IdleTarget 15: 134217728 op, 613569181.16 ns, 4.5714 ns/op

MainWarmup  1: 134217728 op, 805068347.06 ns, 5.9982 ns/op
MainWarmup  2: 134217728 op, 805712559.55 ns, 6.0030 ns/op
MainWarmup  3: 134217728 op, 803921775.32 ns, 5.9897 ns/op
MainWarmup  4: 134217728 op, 812201065.38 ns, 6.0514 ns/op
MainWarmup  5: 134217728 op, 805759241.62 ns, 6.0034 ns/op
MainWarmup  6: 134217728 op, 804933420.83 ns, 5.9972 ns/op

// BeforeMainRun
MainTarget  1: 134217728 op, 804450637.93 ns, 5.9936 ns/op
MainTarget  2: 134217728 op, 801407268.49 ns, 5.9709 ns/op
MainTarget  3: 134217728 op, 805182191.06 ns, 5.9991 ns/op
MainTarget  4: 134217728 op, 803513081.37 ns, 5.9866 ns/op
MainTarget  5: 134217728 op, 803393515.05 ns, 5.9857 ns/op
MainTarget  6: 134217728 op, 803813954.81 ns, 5.9889 ns/op
MainTarget  7: 134217728 op, 804018452.37 ns, 5.9904 ns/op
MainTarget  8: 134217728 op, 803774802.11 ns, 5.9886 ns/op
MainTarget  9: 134217728 op, 805570103.96 ns, 6.0020 ns/op
MainTarget 10: 134217728 op, 803325750.76 ns, 5.9852 ns/op
MainTarget 11: 134217728 op, 805692682.03 ns, 6.0029 ns/op
MainTarget 12: 134217728 op, 808235499.27 ns, 6.0218 ns/op
MainTarget 13: 134217728 op, 814794479.95 ns, 6.0707 ns/op
MainTarget 14: 134217728 op, 815737156.48 ns, 6.0777 ns/op
MainTarget 15: 134217728 op, 818593496.50 ns, 6.0990 ns/op

// AfterMainRun
Result  1: 134217728 op, 191533118.31 ns, 1.4270 ns/op
Result  2: 134217728 op, 188489748.87 ns, 1.4044 ns/op
Result  3: 134217728 op, 192264671.45 ns, 1.4325 ns/op
Result  4: 134217728 op, 190595561.75 ns, 1.4200 ns/op
Result  5: 134217728 op, 190475995.43 ns, 1.4192 ns/op
Result  6: 134217728 op, 190896435.19 ns, 1.4223 ns/op
Result  7: 134217728 op, 191100932.75 ns, 1.4238 ns/op
Result  8: 134217728 op, 190857282.49 ns, 1.4220 ns/op
Result  9: 134217728 op, 192652584.34 ns, 1.4354 ns/op
Result 10: 134217728 op, 190408231.14 ns, 1.4187 ns/op
Result 11: 134217728 op, 192775162.41 ns, 1.4363 ns/op
Result 12: 134217728 op, 195317979.65 ns, 1.4552 ns/op
Result 13: 134217728 op, 201876960.33 ns, 1.5041 ns/op
GC:  0 0 0 0 134217728

// AfterAll

Mean = 1.4324 ns, StdErr = 0.0068 ns (0.48%); N = 13, StdDev = 0.0247 ns
Min = 1.4044 ns, Q1 = 1.4196 ns, Median = 1.4238 ns, Q3 = 1.4358 ns, Max = 1.5041 ns
IQR = 0.0162 ns, LowerFence = 1.3953 ns, UpperFence = 1.4602 ns
ConfidenceInterval = [1.4028 ns; 1.4619 ns] (CI 99.9%), Margin = 0.0295 ns (2.06% of Mean)
Skewness = 1.79, Kurtosis = 5.71


// **************************
// Benchmark: MustNotBeNullReferenceWithParameterName.ReferenceV2: Core(Runtime=Core)
// *** Execute ***
// Launch: 1 / 1
// BeforeAnythingElse

// Benchmark Process Environment Information:
// Runtime=.NET Core 2.0.5 (Framework 4.6.26020.03), 64bit RyuJIT
// GC=Concurrent Workstation
// Job: Core(Runtime=Core)

Pilot  1: 16 op, 190643.53 ns, 11.9152 us/op
Pilot  2: 32 op, 2710.57 ns, 84.7054 ns/op
Pilot  3: 64 op, 602.35 ns, 9.4117 ns/op
Pilot  4: 128 op, 1204.70 ns, 9.4117 ns/op
Pilot  5: 256 op, 1807.05 ns, 7.0588 ns/op
Pilot  6: 512 op, 3614.10 ns, 7.0588 ns/op
Pilot  7: 1024 op, 6324.67 ns, 6.1764 ns/op
Pilot  8: 2048 op, 12950.51 ns, 6.3235 ns/op
Pilot  9: 4096 op, 25298.67 ns, 6.1764 ns/op
Pilot 10: 8192 op, 49994.99 ns, 6.1029 ns/op
Pilot 11: 16384 op, 99086.45 ns, 6.0478 ns/op
Pilot 12: 32768 op, 197570.54 ns, 6.0294 ns/op
Pilot 13: 65536 op, 408693.95 ns, 6.2362 ns/op
Pilot 14: 131072 op, 893585.07 ns, 6.8175 ns/op
Pilot 15: 262144 op, 1589298.42 ns, 6.0627 ns/op
Pilot 16: 524288 op, 3204497.86 ns, 6.1121 ns/op
Pilot 17: 1048576 op, 6403574.58 ns, 6.1069 ns/op
Pilot 18: 2097152 op, 12807751.51 ns, 6.1072 ns/op
Pilot 19: 4194304 op, 25402572.57 ns, 6.0564 ns/op
Pilot 20: 8388608 op, 50427773.36 ns, 6.0115 ns/op
Pilot 21: 16777216 op, 102060847.51 ns, 6.0833 ns/op
Pilot 22: 33554432 op, 201053328.08 ns, 5.9919 ns/op
Pilot 23: 67108864 op, 404457022.83 ns, 6.0269 ns/op
Pilot 24: 134217728 op, 804895472.83 ns, 5.9969 ns/op

IdleWarmup  1: 134217728 op, 615431343.78 ns, 4.5853 ns/op
IdleWarmup  2: 134217728 op, 614254955.75 ns, 4.5766 ns/op
IdleWarmup  3: 134217728 op, 611707018.54 ns, 4.5576 ns/op
IdleWarmup  4: 134217728 op, 617082985.35 ns, 4.5976 ns/op
IdleWarmup  5: 134217728 op, 616331554.70 ns, 4.5920 ns/op
IdleWarmup  6: 134217728 op, 620106778.45 ns, 4.6202 ns/op
IdleWarmup  7: 134217728 op, 616932699.22 ns, 4.5965 ns/op

IdleTarget  1: 134217728 op, 611176650.05 ns, 4.5536 ns/op
IdleTarget  2: 134217728 op, 620243812.89 ns, 4.6212 ns/op
IdleTarget  3: 134217728 op, 610588757.21 ns, 4.5492 ns/op
IdleTarget  4: 134217728 op, 611888626.83 ns, 4.5589 ns/op
IdleTarget  5: 134217728 op, 612919848.70 ns, 4.5666 ns/op
IdleTarget  6: 134217728 op, 615372915.91 ns, 4.5849 ns/op
IdleTarget  7: 134217728 op, 616700192.42 ns, 4.5948 ns/op
IdleTarget  8: 134217728 op, 612443390.47 ns, 4.5631 ns/op
IdleTarget  9: 134217728 op, 613840840.66 ns, 4.5735 ns/op
IdleTarget 10: 134217728 op, 613338782.59 ns, 4.5697 ns/op
IdleTarget 11: 134217728 op, 611532036.09 ns, 4.5563 ns/op
IdleTarget 12: 134217728 op, 613840539.49 ns, 4.5735 ns/op
IdleTarget 13: 134217728 op, 617204961.07 ns, 4.5985 ns/op
IdleTarget 14: 134217728 op, 612516877.07 ns, 4.5636 ns/op
IdleTarget 15: 134217728 op, 613157776.64 ns, 4.5684 ns/op

MainWarmup  1: 134217728 op, 804437085.08 ns, 5.9935 ns/op
MainWarmup  2: 134217728 op, 806350447.38 ns, 6.0078 ns/op
MainWarmup  3: 134217728 op, 805277362.24 ns, 5.9998 ns/op
MainWarmup  4: 134217728 op, 801827708.24 ns, 5.9741 ns/op
MainWarmup  5: 134217728 op, 804123261.13 ns, 5.9912 ns/op
MainWarmup  6: 134217728 op, 800625419.20 ns, 5.9651 ns/op

// BeforeMainRun
MainTarget  1: 134217728 op, 799262302.91 ns, 5.9550 ns/op
MainTarget  2: 134217728 op, 801067543.53 ns, 5.9684 ns/op
MainTarget  3: 134217728 op, 813150066.57 ns, 6.0584 ns/op
MainTarget  4: 134217728 op, 803550728.20 ns, 5.9869 ns/op
MainTarget  5: 134217728 op, 803195342.15 ns, 5.9843 ns/op
MainTarget  6: 134217728 op, 803653729.91 ns, 5.9877 ns/op
MainTarget  7: 134217728 op, 808345126.83 ns, 6.0226 ns/op
MainTarget  8: 134217728 op, 801486176.24 ns, 5.9715 ns/op
MainTarget  9: 134217728 op, 805936633.46 ns, 6.0047 ns/op
MainTarget 10: 134217728 op, 803527236.58 ns, 5.9867 ns/op
MainTarget 11: 134217728 op, 801209999.12 ns, 5.9695 ns/op
MainTarget 12: 134217728 op, 801682843.26 ns, 5.9730 ns/op
MainTarget 13: 134217728 op, 804737958.51 ns, 5.9958 ns/op
MainTarget 14: 134217728 op, 805629736.54 ns, 6.0024 ns/op
MainTarget 15: 134217728 op, 806968758.86 ns, 6.0124 ns/op

// AfterMainRun
Result  1: 134217728 op, 185477902.37 ns, 1.3819 ns/op
Result  2: 134217728 op, 187283142.99 ns, 1.3954 ns/op
Result  3: 134217728 op, 189766327.65 ns, 1.4139 ns/op
Result  4: 134217728 op, 189410941.61 ns, 1.4112 ns/op
Result  5: 134217728 op, 189869329.37 ns, 1.4146 ns/op
Result  6: 134217728 op, 194560726.29 ns, 1.4496 ns/op
Result  7: 134217728 op, 187701775.70 ns, 1.3985 ns/op
Result  8: 134217728 op, 192152232.92 ns, 1.4316 ns/op
Result  9: 134217728 op, 189742836.03 ns, 1.4137 ns/op
Result 10: 134217728 op, 187425598.58 ns, 1.3964 ns/op
Result 11: 134217728 op, 187898442.72 ns, 1.4000 ns/op
Result 12: 134217728 op, 190953557.97 ns, 1.4227 ns/op
Result 13: 134217728 op, 191845335.99 ns, 1.4294 ns/op
Result 14: 134217728 op, 193184358.32 ns, 1.4393 ns/op
GC:  0 0 0 0 134217728

// AfterAll

Mean = 1.4142 ns, StdErr = 0.0051 ns (0.36%); N = 14, StdDev = 0.0189 ns
Min = 1.3819 ns, Q1 = 1.3985 ns, Median = 1.4138 ns, Q3 = 1.4294 ns, Max = 1.4496 ns
IQR = 0.0309 ns, LowerFence = 1.3522 ns, UpperFence = 1.4757 ns
ConfidenceInterval = [1.3928 ns; 1.4355 ns] (CI 99.9%), Margin = 0.0214 ns (1.51% of Mean)
Skewness = 0.18, Kurtosis = 1.96


// **************************
// Benchmark: MustNotBeNullReferenceWithParameterName.ValueTypeV1: Core(Runtime=Core)
// *** Execute ***
// Launch: 1 / 1
// BeforeAnythingElse

// Benchmark Process Environment Information:
// Runtime=.NET Core 2.0.5 (Framework 4.6.26020.03), 64bit RyuJIT
// GC=Concurrent Workstation
// Job: Core(Runtime=Core)

Pilot  1: 16 op, 179500.07 ns, 11.2188 us/op
Pilot  2: 32 op, 1807.05 ns, 56.4702 ns/op
Pilot  3: 64 op, 602.35 ns, 9.4117 ns/op
Pilot  4: 128 op, 602.35 ns, 4.7059 ns/op
Pilot  5: 256 op, 903.52 ns, 3.5294 ns/op
Pilot  6: 512 op, 1204.70 ns, 2.3529 ns/op
Pilot  7: 1024 op, 2409.40 ns, 2.3529 ns/op
Pilot  8: 2048 op, 4216.44 ns, 2.0588 ns/op
Pilot  9: 4096 op, 8131.71 ns, 1.9853 ns/op
Pilot 10: 8192 op, 15962.25 ns, 1.9485 ns/op
Pilot 11: 16384 op, 35237.43 ns, 2.1507 ns/op
Pilot 12: 32768 op, 62945.49 ns, 1.9209 ns/op
Pilot 13: 65536 op, 134022.70 ns, 2.0450 ns/op
Pilot 14: 131072 op, 262323.09 ns, 2.0014 ns/op
Pilot 15: 262144 op, 507178.05 ns, 1.9347 ns/op
Pilot 16: 524288 op, 1058628.76 ns, 2.0192 ns/op
Pilot 17: 1048576 op, 2156410.22 ns, 2.0565 ns/op
Pilot 18: 2097152 op, 4072784.27 ns, 1.9421 ns/op
Pilot 19: 4194304 op, 8134123.90 ns, 1.9393 ns/op
Pilot 20: 8388608 op, 16555267.20 ns, 1.9735 ns/op
Pilot 21: 16777216 op, 32696419.30 ns, 1.9489 ns/op
Pilot 22: 33554432 op, 63796914.35 ns, 1.9013 ns/op
Pilot 23: 67108864 op, 126990274.77 ns, 1.8923 ns/op
Pilot 24: 134217728 op, 255318065.99 ns, 1.9023 ns/op
Pilot 25: 268435456 op, 513983988.96 ns, 1.9147 ns/op

IdleWarmup  1: 268435456 op, 509763327.96 ns, 1.8990 ns/op
IdleWarmup  2: 268435456 op, 510661731.82 ns, 1.9024 ns/op
IdleWarmup  3: 268435456 op, 510823462.59 ns, 1.9030 ns/op
IdleWarmup  4: 268435456 op, 508629706.72 ns, 1.8948 ns/op
IdleWarmup  5: 268435456 op, 516825571.41 ns, 1.9253 ns/op
IdleWarmup  6: 268435456 op, 512540157.87 ns, 1.9094 ns/op

IdleTarget  1: 268435456 op, 510608725.09 ns, 1.9022 ns/op
IdleTarget  2: 268435456 op, 511751983.91 ns, 1.9064 ns/op
IdleTarget  3: 268435456 op, 508992019.78 ns, 1.8961 ns/op
IdleTarget  4: 268435456 op, 508816736.15 ns, 1.8955 ns/op
IdleTarget  5: 268435456 op, 517540258.76 ns, 1.9280 ns/op
IdleTarget  6: 268435456 op, 515215793.11 ns, 1.9193 ns/op
IdleTarget  7: 268435456 op, 509376920.93 ns, 1.8976 ns/op
IdleTarget  8: 268435456 op, 507633119.93 ns, 1.8911 ns/op
IdleTarget  9: 268435456 op, 512006175.28 ns, 1.9074 ns/op
IdleTarget 10: 268435456 op, 515299218.48 ns, 1.9196 ns/op
IdleTarget 11: 268435456 op, 510840930.71 ns, 1.9030 ns/op
IdleTarget 12: 268435456 op, 515802180.08 ns, 1.9215 ns/op
IdleTarget 13: 268435456 op, 511673076.16 ns, 1.9061 ns/op
IdleTarget 14: 268435456 op, 510393686.42 ns, 1.9014 ns/op
IdleTarget 15: 268435456 op, 509205552.58 ns, 1.8969 ns/op

MainWarmup  1: 268435456 op, 510234063.87 ns, 1.9008 ns/op
MainWarmup  2: 268435456 op, 509688937.83 ns, 1.8987 ns/op
MainWarmup  3: 268435456 op, 513058479.38 ns, 1.9113 ns/op
MainWarmup  4: 268435456 op, 509654603.92 ns, 1.8986 ns/op
MainWarmup  5: 268435456 op, 512260969.01 ns, 1.9083 ns/op
MainWarmup  6: 268435456 op, 510362364.26 ns, 1.9012 ns/op

// BeforeMainRun
MainTarget  1: 268435456 op, 509897350.66 ns, 1.8995 ns/op
MainTarget  2: 268435456 op, 509477513.25 ns, 1.8980 ns/op
MainTarget  3: 268435456 op, 516563549.50 ns, 1.9243 ns/op
MainTarget  4: 268435456 op, 514643862.53 ns, 1.9172 ns/op
MainTarget  5: 268435456 op, 510557224.23 ns, 1.9020 ns/op
MainTarget  6: 268435456 op, 508814326.76 ns, 1.8955 ns/op
MainTarget  7: 268435456 op, 511137286.53 ns, 1.9041 ns/op
MainTarget  8: 268435456 op, 515552205.16 ns, 1.9206 ns/op
MainTarget  9: 268435456 op, 517377323.30 ns, 1.9274 ns/op
MainTarget 10: 268435456 op, 536651293.71 ns, 1.9992 ns/op
MainTarget 11: 268435456 op, 512762424.73 ns, 1.9102 ns/op
MainTarget 12: 268435456 op, 519541262.88 ns, 1.9354 ns/op
MainTarget 13: 268435456 op, 510503916.32 ns, 1.9018 ns/op
MainTarget 14: 268435456 op, 512436854.98 ns, 1.9090 ns/op
MainTarget 15: 268435456 op, 510450006.07 ns, 1.9016 ns/op

// AfterMainRun
Result  1: 268435456 op, 0.00 ns, 0.0000 ns/op
Result  2: 268435456 op, 0.00 ns, 0.0000 ns/op
Result  3: 268435456 op, 4886457.67 ns, 0.0182 ns/op
Result  4: 268435456 op, 2966770.70 ns, 0.0111 ns/op
Result  5: 268435456 op, 0.00 ns, 0.0000 ns/op
Result  6: 268435456 op, 0.00 ns, 0.0000 ns/op
Result  7: 268435456 op, 0.00 ns, 0.0000 ns/op
Result  8: 268435456 op, 3875113.33 ns, 0.0144 ns/op
Result  9: 268435456 op, 5700231.47 ns, 0.0212 ns/op
Result 10: 268435456 op, 1085332.91 ns, 0.0040 ns/op
Result 11: 268435456 op, 7864171.05 ns, 0.0293 ns/op
Result 12: 268435456 op, 0.00 ns, 0.0000 ns/op
Result 13: 268435456 op, 759763.15 ns, 0.0028 ns/op
Result 14: 268435456 op, 0.00 ns, 0.0000 ns/op
GC:  0 0 0 0 268435456

// AfterAll

Mean = 0.0072 ns, StdErr = 0.0026 ns (36.52%); N = 14, StdDev = 0.0099 ns
Min = 0.0000 ns, Q1 = 0.0000 ns, Median = 0.0014 ns, Q3 = 0.0144 ns, Max = 0.0293 ns
IQR = 0.0144 ns, LowerFence = -0.0217 ns, UpperFence = 0.0361 ns
ConfidenceInterval = [-0.0039 ns; 0.0184 ns] (CI 99.9%), Margin = 0.0111 ns (154.13% of Mean)
Skewness = 0.93, Kurtosis = 2.36


// **************************
// Benchmark: MustNotBeNullReferenceWithParameterName.ValueTypeV2: Core(Runtime=Core)
// *** Execute ***
// Launch: 1 / 1
// BeforeAnythingElse

// Benchmark Process Environment Information:
// Runtime=.NET Core 2.0.5 (Framework 4.6.26020.03), 64bit RyuJIT
// GC=Concurrent Workstation
// Job: Core(Runtime=Core)

Pilot  1: 16 op, 281598.26 ns, 17.5999 us/op
Pilot  2: 32 op, 2710.57 ns, 84.7054 ns/op
Pilot  3: 64 op, 301.17 ns, 4.7059 ns/op
Pilot  4: 128 op, 903.52 ns, 7.0588 ns/op
Pilot  5: 256 op, 903.52 ns, 3.5294 ns/op
Pilot  6: 512 op, 1204.70 ns, 2.3529 ns/op
Pilot  7: 1024 op, 2108.22 ns, 2.0588 ns/op
Pilot  8: 2048 op, 4216.44 ns, 2.0588 ns/op
Pilot  9: 4096 op, 8131.71 ns, 1.9853 ns/op
Pilot 10: 8192 op, 16263.43 ns, 1.9853 ns/op
Pilot 11: 16384 op, 38851.52 ns, 2.3713 ns/op
Pilot 12: 32768 op, 72281.91 ns, 2.2059 ns/op
Pilot 13: 65536 op, 125589.81 ns, 1.9163 ns/op
Pilot 14: 131072 op, 250878.45 ns, 1.9141 ns/op
Pilot 15: 262144 op, 521935.60 ns, 1.9910 ns/op
Pilot 16: 524288 op, 1034534.79 ns, 1.9732 ns/op
Pilot 17: 1048576 op, 2077803.64 ns, 1.9815 ns/op
Pilot 18: 2097152 op, 4095974.71 ns, 1.9531 ns/op
Pilot 19: 4194304 op, 8736774.29 ns, 2.0830 ns/op
Pilot 20: 8388608 op, 16116756.96 ns, 1.9213 ns/op
Pilot 21: 16777216 op, 32236224.50 ns, 1.9214 ns/op
Pilot 22: 33554432 op, 64885359.39 ns, 1.9337 ns/op
Pilot 23: 67108864 op, 127535099.64 ns, 1.9004 ns/op
Pilot 24: 134217728 op, 255412333.64 ns, 1.9030 ns/op
Pilot 25: 268435456 op, 510889721.00 ns, 1.9032 ns/op

IdleWarmup  1: 268435456 op, 512533230.85 ns, 1.9093 ns/op
IdleWarmup  2: 268435456 op, 514437859.09 ns, 1.9164 ns/op
IdleWarmup  3: 268435456 op, 517650488.67 ns, 1.9284 ns/op
IdleWarmup  4: 268435456 op, 522000654.75 ns, 1.9446 ns/op
IdleWarmup  5: 268435456 op, 515352526.39 ns, 1.9198 ns/op
IdleWarmup  6: 268435456 op, 512031775.13 ns, 1.9075 ns/op
IdleWarmup  7: 268435456 op, 513404529.00 ns, 1.9126 ns/op
IdleWarmup  8: 268435456 op, 509076649.84 ns, 1.8965 ns/op

IdleTarget  1: 268435456 op, 510561741.85 ns, 1.9020 ns/op
IdleTarget  2: 268435456 op, 509745859.83 ns, 1.8990 ns/op
IdleTarget  3: 268435456 op, 515140198.29 ns, 1.9190 ns/op
IdleTarget  4: 268435456 op, 515295604.39 ns, 1.9196 ns/op
IdleTarget  5: 268435456 op, 515658218.62 ns, 1.9210 ns/op
IdleTarget  6: 268435456 op, 514861912.95 ns, 1.9180 ns/op
IdleTarget  7: 268435456 op, 512360657.80 ns, 1.9087 ns/op
IdleTarget  8: 268435456 op, 511842938.65 ns, 1.9068 ns/op
IdleTarget  9: 268435456 op, 516934897.79 ns, 1.9257 ns/op
IdleTarget 10: 268435456 op, 514546884.30 ns, 1.9168 ns/op
IdleTarget 11: 268435456 op, 513457836.91 ns, 1.9128 ns/op
IdleTarget 12: 268435456 op, 514077654.26 ns, 1.9151 ns/op
IdleTarget 13: 268435456 op, 511095724.43 ns, 1.9040 ns/op
IdleTarget 14: 268435456 op, 509548289.28 ns, 1.8982 ns/op
IdleTarget 15: 268435456 op, 519276831.57 ns, 1.9345 ns/op

MainWarmup  1: 268435456 op, 518446191.99 ns, 1.9314 ns/op
MainWarmup  2: 268435456 op, 524004670.62 ns, 1.9521 ns/op
MainWarmup  3: 268435456 op, 516751783.63 ns, 1.9251 ns/op
MainWarmup  4: 268435456 op, 518786820.48 ns, 1.9326 ns/op
MainWarmup  5: 268435456 op, 520621877.38 ns, 1.9395 ns/op
MainWarmup  6: 268435456 op, 513653299.23 ns, 1.9135 ns/op

// BeforeMainRun
MainTarget  1: 268435456 op, 534518073.94 ns, 1.9912 ns/op
MainTarget  2: 268435456 op, 532972747.01 ns, 1.9855 ns/op
MainTarget  3: 268435456 op, 516497592.26 ns, 1.9241 ns/op
MainTarget  4: 268435456 op, 514638140.21 ns, 1.9172 ns/op
MainTarget  5: 268435456 op, 519348511.13 ns, 1.9347 ns/op
MainTarget  6: 268435456 op, 510301828.16 ns, 1.9010 ns/op
MainTarget  7: 268435456 op, 513783406.66 ns, 1.9140 ns/op
MainTarget  8: 268435456 op, 511558629.81 ns, 1.9057 ns/op
MainTarget  9: 268435456 op, 514336664.42 ns, 1.9161 ns/op
MainTarget 10: 268435456 op, 515400111.98 ns, 1.9200 ns/op
MainTarget 11: 268435456 op, 518547085.49 ns, 1.9317 ns/op
MainTarget 12: 268435456 op, 517811315.91 ns, 1.9290 ns/op
MainTarget 13: 268435456 op, 520038200.99 ns, 1.9373 ns/op
MainTarget 14: 268435456 op, 519980375.46 ns, 1.9371 ns/op
MainTarget 15: 268435456 op, 517762525.63 ns, 1.9288 ns/op

// AfterMainRun
Result  1: 268435456 op, 2870575.53 ns, 0.0107 ns/op
Result  2: 268435456 op, 1011123.48 ns, 0.0038 ns/op
Result  3: 268435456 op, 5721494.40 ns, 0.0213 ns/op
Result  4: 268435456 op, 0.00 ns, 0.0000 ns/op
Result  5: 268435456 op, 156389.94 ns, 0.0006 ns/op
Result  6: 268435456 op, 0.00 ns, 0.0000 ns/op
Result  7: 268435456 op, 709647.70 ns, 0.0026 ns/op
Result  8: 268435456 op, 1773095.25 ns, 0.0066 ns/op
Result  9: 268435456 op, 4920068.76 ns, 0.0183 ns/op
Result 10: 268435456 op, 4184299.19 ns, 0.0156 ns/op
Result 11: 268435456 op, 6411184.26 ns, 0.0239 ns/op
Result 12: 268435456 op, 6353358.73 ns, 0.0237 ns/op
Result 13: 268435456 op, 4135508.90 ns, 0.0154 ns/op
GC:  0 0 0 0 268435456

// AfterAll

Mean = 0.0110 ns, StdErr = 0.0026 ns (23.32%); N = 13, StdDev = 0.0092 ns
Min = 0.0000 ns, Q1 = 0.0016 ns, Median = 0.0107 ns, Q3 = 0.0198 ns, Max = 0.0239 ns
IQR = 0.0182 ns, LowerFence = -0.0257 ns, UpperFence = 0.0471 ns
ConfidenceInterval = [-0.0001 ns; 0.0220 ns] (CI 99.9%), Margin = 0.0110 ns (100.69% of Mean)
Skewness = 0.11, Kurtosis = 1.25


// ***** BenchmarkRunner: Finish  *****

// * Export *
  BenchmarkDotNet.Artifacts\results\Light.GuardClauses.Performance.MustNotBeNullReference.MustNotBeNullReferenceWithParameterName-report.csv
  BenchmarkDotNet.Artifacts\results\Light.GuardClauses.Performance.MustNotBeNullReference.MustNotBeNullReferenceWithParameterName-report-github.md
  BenchmarkDotNet.Artifacts\results\Light.GuardClauses.Performance.MustNotBeNullReference.MustNotBeNullReferenceWithParameterName-report.html

// * Detailed results *
MustNotBeNullReferenceWithParameterName.BaseValueType: Clr(Runtime=Clr)
Runtime = .NET Framework 4.7 (CLR 4.0.30319.42000), 64bit RyuJIT-v4.7.2600.0; GC = Concurrent Workstation
Mean = 0.0061 ns, StdErr = 0.0020 ns (32.85%); N = 14, StdDev = 0.0074 ns
Min = 0.0000 ns, Q1 = 0.0000 ns, Median = 0.0038 ns, Q3 = 0.0091 ns, Max = 0.0225 ns
IQR = 0.0091 ns, LowerFence = -0.0136 ns, UpperFence = 0.0227 ns
ConfidenceInterval = [-0.0023 ns; 0.0145 ns] (CI 99.9%), Margin = 0.0084 ns (138.64% of Mean)
Skewness = 0.91, Kurtosis = 2.44


MustNotBeNullReferenceWithParameterName.BaseReference: Clr(Runtime=Clr)
Runtime = .NET Framework 4.7 (CLR 4.0.30319.42000), 64bit RyuJIT-v4.7.2600.0; GC = Concurrent Workstation
Mean = 0.2567 ns, StdErr = 0.0033 ns (1.29%); N = 14, StdDev = 0.0124 ns
Min = 0.2353 ns, Q1 = 0.2484 ns, Median = 0.2559 ns, Q3 = 0.2619 ns, Max = 0.2821 ns
IQR = 0.0135 ns, LowerFence = 0.2282 ns, UpperFence = 0.2821 ns
ConfidenceInterval = [0.2427 ns; 0.2706 ns] (CI 99.9%), Margin = 0.0139 ns (5.43% of Mean)
Skewness = 0.34, Kurtosis = 2.54


MustNotBeNullReferenceWithParameterName.ReferenceV1: Clr(Runtime=Clr)
Runtime = .NET Framework 4.7 (CLR 4.0.30319.42000), 64bit RyuJIT-v4.7.2600.0; GC = Concurrent Workstation
Mean = 0.2746 ns, StdErr = 0.0030 ns (1.10%); N = 14, StdDev = 0.0113 ns
Min = 0.2536 ns, Q1 = 0.2703 ns, Median = 0.2754 ns, Q3 = 0.2795 ns, Max = 0.2920 ns
IQR = 0.0093 ns, LowerFence = 0.2563 ns, UpperFence = 0.2935 ns
ConfidenceInterval = [0.2618 ns; 0.2873 ns] (CI 99.9%), Margin = 0.0127 ns (4.63% of Mean)
Skewness = -0.42, Kurtosis = 2.44


MustNotBeNullReferenceWithParameterName.ReferenceV2: Clr(Runtime=Clr)
Runtime = .NET Framework 4.7 (CLR 4.0.30319.42000), 64bit RyuJIT-v4.7.2600.0; GC = Concurrent Workstation
Mean = 0.2613 ns, StdErr = 0.0029 ns (1.12%); N = 15, StdDev = 0.0113 ns
Min = 0.2460 ns, Q1 = 0.2543 ns, Median = 0.2596 ns, Q3 = 0.2706 ns, Max = 0.2821 ns
IQR = 0.0163 ns, LowerFence = 0.2299 ns, UpperFence = 0.2951 ns
ConfidenceInterval = [0.2492 ns; 0.2734 ns] (CI 99.9%), Margin = 0.0121 ns (4.63% of Mean)
Skewness = 0.33, Kurtosis = 1.83


MustNotBeNullReferenceWithParameterName.ValueTypeV1: Clr(Runtime=Clr)
Runtime = .NET Framework 4.7 (CLR 4.0.30319.42000), 64bit RyuJIT-v4.7.2600.0; GC = Concurrent Workstation
Mean = 0.0035 ns, StdErr = 0.0009 ns (25.14%); N = 13, StdDev = 0.0032 ns
Min = 0.0000 ns, Q1 = 0.0004 ns, Median = 0.0024 ns, Q3 = 0.0070 ns, Max = 0.0086 ns
IQR = 0.0066 ns, LowerFence = -0.0095 ns, UpperFence = 0.0170 ns
ConfidenceInterval = [-0.0003 ns; 0.0074 ns] (CI 99.9%), Margin = 0.0038 ns (108.54% of Mean)
Skewness = 0.32, Kurtosis = 1.35


MustNotBeNullReferenceWithParameterName.ValueTypeV2: Clr(Runtime=Clr)
Runtime = .NET Framework 4.7 (CLR 4.0.30319.42000), 64bit RyuJIT-v4.7.2600.0; GC = Concurrent Workstation
Mean = 0.0041 ns, StdErr = 0.0017 ns (40.56%); N = 15, StdDev = 0.0065 ns
Min = 0.0000 ns, Q1 = 0.0000 ns, Median = 0.0000 ns, Q3 = 0.0082 ns, Max = 0.0163 ns
IQR = 0.0082 ns, LowerFence = -0.0124 ns, UpperFence = 0.0206 ns
ConfidenceInterval = [-0.0028 ns; 0.0111 ns] (CI 99.9%), Margin = 0.0069 ns (167.92% of Mean)
Skewness = 0.96, Kurtosis = 2.09


MustNotBeNullReferenceWithParameterName.BaseValueType: Core(Runtime=Core)
Runtime = .NET Core 2.0.5 (Framework 4.6.26020.03), 64bit RyuJIT; GC = Concurrent Workstation
Mean = 0.0028 ns, StdErr = 0.0011 ns (39.30%); N = 15, StdDev = 0.0043 ns
Min = 0.0000 ns, Q1 = 0.0000 ns, Median = 0.0000 ns, Q3 = 0.0063 ns, Max = 0.0116 ns
IQR = 0.0063 ns, LowerFence = -0.0095 ns, UpperFence = 0.0159 ns
ConfidenceInterval = [-0.0018 ns; 0.0074 ns] (CI 99.9%), Margin = 0.0046 ns (162.72% of Mean)
Skewness = 1, Kurtosis = 2.28


MustNotBeNullReferenceWithParameterName.BaseReference: Core(Runtime=Core)
Runtime = .NET Core 2.0.5 (Framework 4.6.26020.03), 64bit RyuJIT; GC = Concurrent Workstation
Mean = 1.4140 ns, StdErr = 0.0071 ns (0.50%); N = 15, StdDev = 0.0275 ns
Min = 1.3825 ns, Q1 = 1.3949 ns, Median = 1.3989 ns, Q3 = 1.4253 ns, Max = 1.4694 ns
IQR = 0.0304 ns, LowerFence = 1.3493 ns, UpperFence = 1.4709 ns
ConfidenceInterval = [1.3846 ns; 1.4435 ns] (CI 99.9%), Margin = 0.0294 ns (2.08% of Mean)
Skewness = 0.81, Kurtosis = 2.43


MustNotBeNullReferenceWithParameterName.ReferenceV1: Core(Runtime=Core)
Runtime = .NET Core 2.0.5 (Framework 4.6.26020.03), 64bit RyuJIT; GC = Concurrent Workstation
Mean = 1.4324 ns, StdErr = 0.0068 ns (0.48%); N = 13, StdDev = 0.0247 ns
Min = 1.4044 ns, Q1 = 1.4196 ns, Median = 1.4238 ns, Q3 = 1.4358 ns, Max = 1.5041 ns
IQR = 0.0162 ns, LowerFence = 1.3953 ns, UpperFence = 1.4602 ns
ConfidenceInterval = [1.4028 ns; 1.4619 ns] (CI 99.9%), Margin = 0.0295 ns (2.06% of Mean)
Skewness = 1.79, Kurtosis = 5.71


MustNotBeNullReferenceWithParameterName.ReferenceV2: Core(Runtime=Core)
Runtime = .NET Core 2.0.5 (Framework 4.6.26020.03), 64bit RyuJIT; GC = Concurrent Workstation
Mean = 1.4142 ns, StdErr = 0.0051 ns (0.36%); N = 14, StdDev = 0.0189 ns
Min = 1.3819 ns, Q1 = 1.3985 ns, Median = 1.4138 ns, Q3 = 1.4294 ns, Max = 1.4496 ns
IQR = 0.0309 ns, LowerFence = 1.3522 ns, UpperFence = 1.4757 ns
ConfidenceInterval = [1.3928 ns; 1.4355 ns] (CI 99.9%), Margin = 0.0214 ns (1.51% of Mean)
Skewness = 0.18, Kurtosis = 1.96


MustNotBeNullReferenceWithParameterName.ValueTypeV1: Core(Runtime=Core)
Runtime = .NET Core 2.0.5 (Framework 4.6.26020.03), 64bit RyuJIT; GC = Concurrent Workstation
Mean = 0.0072 ns, StdErr = 0.0026 ns (36.52%); N = 14, StdDev = 0.0099 ns
Min = 0.0000 ns, Q1 = 0.0000 ns, Median = 0.0014 ns, Q3 = 0.0144 ns, Max = 0.0293 ns
IQR = 0.0144 ns, LowerFence = -0.0217 ns, UpperFence = 0.0361 ns
ConfidenceInterval = [-0.0039 ns; 0.0184 ns] (CI 99.9%), Margin = 0.0111 ns (154.13% of Mean)
Skewness = 0.93, Kurtosis = 2.36


MustNotBeNullReferenceWithParameterName.ValueTypeV2: Core(Runtime=Core)
Runtime = .NET Core 2.0.5 (Framework 4.6.26020.03), 64bit RyuJIT; GC = Concurrent Workstation
Mean = 0.0110 ns, StdErr = 0.0026 ns (23.32%); N = 13, StdDev = 0.0092 ns
Min = 0.0000 ns, Q1 = 0.0016 ns, Median = 0.0107 ns, Q3 = 0.0198 ns, Max = 0.0239 ns
IQR = 0.0182 ns, LowerFence = -0.0257 ns, UpperFence = 0.0471 ns
ConfidenceInterval = [-0.0001 ns; 0.0220 ns] (CI 99.9%), Margin = 0.0110 ns (100.69% of Mean)
Skewness = 0.11, Kurtosis = 1.25


Total time: 00:06:05 (365.09 sec)

// * Summary *

BenchmarkDotNet=v0.10.12, OS=Windows 10 Redstone 3 [1709, Fall Creators Update] (10.0.16299.192)
Intel Core i7-2600K CPU 3.40GHz (Sandy Bridge), 1 CPU, 8 logical cores and 4 physical cores
Frequency=3320333 Hz, Resolution=301.1746 ns, Timer=TSC
.NET Core SDK=2.1.4
  [Host] : .NET Core 2.0.5 (Framework 4.6.26020.03), 64bit RyuJIT
  Clr    : .NET Framework 4.7 (CLR 4.0.30319.42000), 64bit RyuJIT-v4.7.2600.0
  Core   : .NET Core 2.0.5 (Framework 4.6.26020.03), 64bit RyuJIT


        Method |  Job | Runtime |      Mean |     Error |    StdDev | Scaled | ScaledSD | Allocated |
-------------- |----- |-------- |----------:|----------:|----------:|-------:|---------:|----------:|
 BaseValueType |  Clr |     Clr | 0.0061 ns | 0.0084 ns | 0.0074 ns |      ? |        ? |       0 B |
 BaseReference |  Clr |     Clr | 0.2567 ns | 0.0139 ns | 0.0124 ns |      ? |        ? |       0 B |
   ReferenceV1 |  Clr |     Clr | 0.2746 ns | 0.0127 ns | 0.0113 ns |      ? |        ? |       0 B |
   ReferenceV2 |  Clr |     Clr | 0.2613 ns | 0.0121 ns | 0.0113 ns |      ? |        ? |       0 B |
   ValueTypeV1 |  Clr |     Clr | 0.0035 ns | 0.0038 ns | 0.0032 ns |      ? |        ? |       0 B |
   ValueTypeV2 |  Clr |     Clr | 0.0041 ns | 0.0069 ns | 0.0065 ns |      ? |        ? |       0 B |
               |      |         |           |           |           |        |          |           |
 BaseValueType | Core |    Core | 0.0028 ns | 0.0046 ns | 0.0043 ns |      ? |        ? |       0 B |
 BaseReference | Core |    Core | 1.4140 ns | 0.0294 ns | 0.0275 ns |      ? |        ? |       0 B |
   ReferenceV1 | Core |    Core | 1.4324 ns | 0.0295 ns | 0.0247 ns |      ? |        ? |       0 B |
   ReferenceV2 | Core |    Core | 1.4142 ns | 0.0214 ns | 0.0189 ns |      ? |        ? |       0 B |
   ValueTypeV1 | Core |    Core | 0.0072 ns | 0.0111 ns | 0.0099 ns |      ? |        ? |       0 B |
   ValueTypeV2 | Core |    Core | 0.0110 ns | 0.0110 ns | 0.0092 ns |      ? |        ? |       0 B |

// * Hints *
Outliers
  MustNotBeNullReferenceWithParameterName.BaseValueType: Clr -> 1 outlier  was  removed
  MustNotBeNullReferenceWithParameterName.BaseReference: Clr -> 1 outlier  was  removed
  MustNotBeNullReferenceWithParameterName.ReferenceV1: Clr   -> 1 outlier  was  removed
  MustNotBeNullReferenceWithParameterName.ValueTypeV1: Clr   -> 2 outliers were removed
  MustNotBeNullReferenceWithParameterName.ReferenceV1: Core  -> 2 outliers were removed
  MustNotBeNullReferenceWithParameterName.ReferenceV2: Core  -> 1 outlier  was  removed
  MustNotBeNullReferenceWithParameterName.ValueTypeV1: Core  -> 1 outlier  was  removed
  MustNotBeNullReferenceWithParameterName.ValueTypeV2: Core  -> 2 outliers were removed

// * Legends *
  Mean      : Arithmetic mean of all measurements
  Error     : Half of 99.9% confidence interval
  StdDev    : Standard deviation of all measurements
  Scaled    : Mean(CurrentBenchmark) / Mean(BaselineBenchmark)
  ScaledSD  : Standard deviation of ratio of distibution of [CurrentBenchmark] and [BaselineBenchmark]
  Allocated : Allocated memory per single operation (managed only, inclusive, 1KB = 1024B)
  1 ns      : 1 Nanosecond (0.000000001 sec)

// * Diagnostic Output - MemoryDiagnoser *


// ***** BenchmarkRunner: End *****
// * Artifacts cleanup *
